
AVRASM ver. 2.1.30  C:\Users\acros\Desktop\8Semestre\Microcontroladores\Practica16\Debug\List\Termometro0a50C.asm Thu Mar 14 08:45:24 2019

C:\Users\acros\Desktop\8Semestre\Microcontroladores\Practica16\Debug\List\Termometro0a50C.asm(1093): warning: Register r5 already defined by the .DEF directive
C:\Users\acros\Desktop\8Semestre\Microcontroladores\Practica16\Debug\List\Termometro0a50C.asm(1094): warning: Register r6 already defined by the .DEF directive
C:\Users\acros\Desktop\8Semestre\Microcontroladores\Practica16\Debug\List\Termometro0a50C.asm(1095): warning: Register r7 already defined by the .DEF directive
C:\Users\acros\Desktop\8Semestre\Microcontroladores\Practica16\Debug\List\Termometro0a50C.asm(1096): warning: Register r4 already defined by the .DEF directive
C:\Users\acros\Desktop\8Semestre\Microcontroladores\Practica16\Debug\List\Termometro0a50C.asm(1097): warning: Register r9 already defined by the .DEF directive
C:\Users\acros\Desktop\8Semestre\Microcontroladores\Practica16\Debug\List\Termometro0a50C.asm(1098): warning: Register r8 already defined by the .DEF directive
C:\Users\acros\Desktop\8Semestre\Microcontroladores\Practica16\Debug\List\Termometro0a50C.asm(1099): warning: Register r11 already defined by the .DEF directive
                 
                 
                 ;CodeVisionAVR C Compiler V3.34 Evaluation
                 ;(C) Copyright 1998-2018 Pavel Haiduc, HP InfoTech s.r.l.
                 ;http://www.hpinfotech.com
                 
                 ;Build configuration    : Debug
                 ;Chip type              : ATmega8535L
                 ;Program type           : Application
                 ;Clock frequency        : 1.000000 MHz
                 ;Memory model           : Small
                 ;Optimize for           : Size
                 ;(s)printf features     : int, width
                 ;(s)scanf features      : int, width
                 ;External RAM size      : 0
                 ;Data Stack size        : 128 byte(s)
                 ;Heap size              : 0 byte(s)
                 ;Promote 'char' to 'int': Yes
                 ;'char' is unsigned     : Yes
                 ;8 bit enums            : Yes
                 ;Global 'const' stored in FLASH: Yes
                 ;Enhanced function parameter passing: Mode 2
                 ;Enhanced core instructions: On
                 ;Automatic register allocation for global variables: On
                 ;Smart register allocation: On
                 
                 	#define _MODEL_SMALL_
                 
                 	#pragma AVRPART ADMIN PART_NAME ATmega8535L
                 	#pragma AVRPART MEMORY PROG_FLASH 8192
                 	#pragma AVRPART MEMORY EEPROM 512
                 	#pragma AVRPART MEMORY INT_SRAM SIZE 512
                 	#pragma AVRPART MEMORY INT_SRAM START_ADDR 0x60
                 
                 	.LISTMAC
                 	.EQU UDRE=0x5
                 	.EQU RXC=0x7
                 	.EQU USR=0xB
                 	.EQU UDR=0xC
                 	.EQU SPSR=0xE
                 	.EQU SPDR=0xF
                 	.EQU EERE=0x0
                 	.EQU EEWE=0x1
                 	.EQU EEMWE=0x2
                 	.EQU EECR=0x1C
                 	.EQU EEDR=0x1D
                 	.EQU EEARL=0x1E
                 	.EQU EEARH=0x1F
                 	.EQU WDTCR=0x21
                 	.EQU MCUCR=0x35
                 	.EQU GICR=0x3B
                 	.EQU SPL=0x3D
                 	.EQU SPH=0x3E
                 	.EQU SREG=0x3F
                 
                 	.DEF R0X0=R0
                 	.DEF R0X1=R1
                 	.DEF R0X2=R2
                 	.DEF R0X3=R3
                 	.DEF R0X4=R4
                 	.DEF R0X5=R5
                 	.DEF R0X6=R6
                 	.DEF R0X7=R7
                 	.DEF R0X8=R8
                 	.DEF R0X9=R9
                 	.DEF R0XA=R10
                 	.DEF R0XB=R11
                 	.DEF R0XC=R12
                 	.DEF R0XD=R13
                 	.DEF R0XE=R14
                 	.DEF R0XF=R15
                 	.DEF R0X10=R16
                 	.DEF R0X11=R17
                 	.DEF R0X12=R18
                 	.DEF R0X13=R19
                 	.DEF R0X14=R20
                 	.DEF R0X15=R21
                 	.DEF R0X16=R22
                 	.DEF R0X17=R23
                 	.DEF R0X18=R24
                 	.DEF R0X19=R25
                 	.DEF R0X1A=R26
                 	.DEF R0X1B=R27
                 	.DEF R0X1C=R28
                 	.DEF R0X1D=R29
                 	.DEF R0X1E=R30
                 	.DEF R0X1F=R31
                 
                 	.EQU __SRAM_START=0x0060
                 	.EQU __SRAM_END=0x025F
                 	.EQU __DSTACK_SIZE=0x0080
                 	.EQU __HEAP_SIZE=0x0000
                 	.EQU __CLEAR_SRAM_SIZE=__SRAM_END-__SRAM_START+1
                 
                 	.MACRO __CPD1N
                 	CPI  R30,LOW(@0)
                 	LDI  R26,HIGH(@0)
                 	CPC  R31,R26
                 	LDI  R26,BYTE3(@0)
                 	CPC  R22,R26
                 	LDI  R26,BYTE4(@0)
                 	CPC  R23,R26
                 	.ENDM
                 
                 	.MACRO __CPD2N
                 	CPI  R26,LOW(@0)
                 	LDI  R30,HIGH(@0)
                 	CPC  R27,R30
                 	LDI  R30,BYTE3(@0)
                 	CPC  R24,R30
                 	LDI  R30,BYTE4(@0)
                 	CPC  R25,R30
                 	.ENDM
                 
                 	.MACRO __CPWRR
                 	CP   R@0,R@2
                 	CPC  R@1,R@3
                 	.ENDM
                 
                 	.MACRO __CPWRN
                 	CPI  R@0,LOW(@2)
                 	LDI  R30,HIGH(@2)
                 	CPC  R@1,R30
                 	.ENDM
                 
                 	.MACRO __ADDB1MN
                 	SUBI R30,LOW(-@0-(@1))
                 	.ENDM
                 
                 	.MACRO __ADDB2MN
                 	SUBI R26,LOW(-@0-(@1))
                 	.ENDM
                 
                 	.MACRO __ADDW1MN
                 	SUBI R30,LOW(-@0-(@1))
                 	SBCI R31,HIGH(-@0-(@1))
                 	.ENDM
                 
                 	.MACRO __ADDW2MN
                 	SUBI R26,LOW(-@0-(@1))
                 	SBCI R27,HIGH(-@0-(@1))
                 	.ENDM
                 
                 	.MACRO __ADDW1FN
                 	SUBI R30,LOW(-2*@0-(@1))
                 	SBCI R31,HIGH(-2*@0-(@1))
                 	.ENDM
                 
                 	.MACRO __ADDD1FN
                 	SUBI R30,LOW(-2*@0-(@1))
                 	SBCI R31,HIGH(-2*@0-(@1))
                 	SBCI R22,BYTE3(-2*@0-(@1))
                 	.ENDM
                 
                 	.MACRO __ADDD1N
                 	SUBI R30,LOW(-@0)
                 	SBCI R31,HIGH(-@0)
                 	SBCI R22,BYTE3(-@0)
                 	SBCI R23,BYTE4(-@0)
                 	.ENDM
                 
                 	.MACRO __ADDD2N
                 	SUBI R26,LOW(-@0)
                 	SBCI R27,HIGH(-@0)
                 	SBCI R24,BYTE3(-@0)
                 	SBCI R25,BYTE4(-@0)
                 	.ENDM
                 
                 	.MACRO __SUBD1N
                 	SUBI R30,LOW(@0)
                 	SBCI R31,HIGH(@0)
                 	SBCI R22,BYTE3(@0)
                 	SBCI R23,BYTE4(@0)
                 	.ENDM
                 
                 	.MACRO __SUBD2N
                 	SUBI R26,LOW(@0)
                 	SBCI R27,HIGH(@0)
                 	SBCI R24,BYTE3(@0)
                 	SBCI R25,BYTE4(@0)
                 	.ENDM
                 
                 	.MACRO __ANDBMNN
                 	LDS  R30,@0+(@1)
                 	ANDI R30,LOW(@2)
                 	STS  @0+(@1),R30
                 	.ENDM
                 
                 	.MACRO __ANDWMNN
                 	LDS  R30,@0+(@1)
                 	ANDI R30,LOW(@2)
                 	STS  @0+(@1),R30
                 	LDS  R30,@0+(@1)+1
                 	ANDI R30,HIGH(@2)
                 	STS  @0+(@1)+1,R30
                 	.ENDM
                 
                 	.MACRO __ANDD1N
                 	ANDI R30,LOW(@0)
                 	ANDI R31,HIGH(@0)
                 	ANDI R22,BYTE3(@0)
                 	ANDI R23,BYTE4(@0)
                 	.ENDM
                 
                 	.MACRO __ANDD2N
                 	ANDI R26,LOW(@0)
                 	ANDI R27,HIGH(@0)
                 	ANDI R24,BYTE3(@0)
                 	ANDI R25,BYTE4(@0)
                 	.ENDM
                 
                 	.MACRO __ORBMNN
                 	LDS  R30,@0+(@1)
                 	ORI  R30,LOW(@2)
                 	STS  @0+(@1),R30
                 	.ENDM
                 
                 	.MACRO __ORWMNN
                 	LDS  R30,@0+(@1)
                 	ORI  R30,LOW(@2)
                 	STS  @0+(@1),R30
                 	LDS  R30,@0+(@1)+1
                 	ORI  R30,HIGH(@2)
                 	STS  @0+(@1)+1,R30
                 	.ENDM
                 
                 	.MACRO __ORD1N
                 	ORI  R30,LOW(@0)
                 	ORI  R31,HIGH(@0)
                 	ORI  R22,BYTE3(@0)
                 	ORI  R23,BYTE4(@0)
                 	.ENDM
                 
                 	.MACRO __ORD2N
                 	ORI  R26,LOW(@0)
                 	ORI  R27,HIGH(@0)
                 	ORI  R24,BYTE3(@0)
                 	ORI  R25,BYTE4(@0)
                 	.ENDM
                 
                 	.MACRO __DELAY_USB
                 	LDI  R24,LOW(@0)
                 __DELAY_USB_LOOP:
                 	DEC  R24
                 	BRNE __DELAY_USB_LOOP
                 	.ENDM
                 
                 	.MACRO __DELAY_USW
                 	LDI  R24,LOW(@0)
                 	LDI  R25,HIGH(@0)
                 __DELAY_USW_LOOP:
                 	SBIW R24,1
                 	BRNE __DELAY_USW_LOOP
                 	.ENDM
                 
                 	.MACRO __GETD1S
                 	LDD  R30,Y+@0
                 	LDD  R31,Y+@0+1
                 	LDD  R22,Y+@0+2
                 	LDD  R23,Y+@0+3
                 	.ENDM
                 
                 	.MACRO __GETD2S
                 	LDD  R26,Y+@0
                 	LDD  R27,Y+@0+1
                 	LDD  R24,Y+@0+2
                 	LDD  R25,Y+@0+3
                 	.ENDM
                 
                 	.MACRO __PUTD1S
                 	STD  Y+@0,R30
                 	STD  Y+@0+1,R31
                 	STD  Y+@0+2,R22
                 	STD  Y+@0+3,R23
                 	.ENDM
                 
                 	.MACRO __PUTD2S
                 	STD  Y+@0,R26
                 	STD  Y+@0+1,R27
                 	STD  Y+@0+2,R24
                 	STD  Y+@0+3,R25
                 	.ENDM
                 
                 	.MACRO __PUTDZ2
                 	STD  Z+@0,R26
                 	STD  Z+@0+1,R27
                 	STD  Z+@0+2,R24
                 	STD  Z+@0+3,R25
                 	.ENDM
                 
                 	.MACRO __CLRD1S
                 	STD  Y+@0,R30
                 	STD  Y+@0+1,R30
                 	STD  Y+@0+2,R30
                 	STD  Y+@0+3,R30
                 	.ENDM
                 
                 	.MACRO __POINTB1MN
                 	LDI  R30,LOW(@0+(@1))
                 	.ENDM
                 
                 	.MACRO __POINTW1MN
                 	LDI  R30,LOW(@0+(@1))
                 	LDI  R31,HIGH(@0+(@1))
                 	.ENDM
                 
                 	.MACRO __POINTD1M
                 	LDI  R30,LOW(@0)
                 	LDI  R31,HIGH(@0)
                 	LDI  R22,BYTE3(@0)
                 	LDI  R23,BYTE4(@0)
                 	.ENDM
                 
                 	.MACRO __POINTW1FN
                 	LDI  R30,LOW(2*@0+(@1))
                 	LDI  R31,HIGH(2*@0+(@1))
                 	.ENDM
                 
                 	.MACRO __POINTD1FN
                 	LDI  R30,LOW(2*@0+(@1))
                 	LDI  R31,HIGH(2*@0+(@1))
                 	LDI  R22,BYTE3(2*@0+(@1))
                 	LDI  R23,BYTE4(2*@0+(@1))
                 	.ENDM
                 
                 	.MACRO __POINTB2MN
                 	LDI  R26,LOW(@0+(@1))
                 	.ENDM
                 
                 	.MACRO __POINTW2MN
                 	LDI  R26,LOW(@0+(@1))
                 	LDI  R27,HIGH(@0+(@1))
                 	.ENDM
                 
                 	.MACRO __POINTD2M
                 	LDI  R26,LOW(@0)
                 	LDI  R27,HIGH(@0)
                 	LDI  R24,BYTE3(@0)
                 	LDI  R25,BYTE4(@0)
                 	.ENDM
                 
                 	.MACRO __POINTW2FN
                 	LDI  R26,LOW(2*@0+(@1))
                 	LDI  R27,HIGH(2*@0+(@1))
                 	.ENDM
                 
                 	.MACRO __POINTD2FN
                 	LDI  R26,LOW(2*@0+(@1))
                 	LDI  R27,HIGH(2*@0+(@1))
                 	LDI  R24,BYTE3(2*@0+(@1))
                 	LDI  R25,BYTE4(2*@0+(@1))
                 	.ENDM
                 
                 	.MACRO __POINTBRM
                 	LDI  R@0,LOW(@1)
                 	.ENDM
                 
                 	.MACRO __POINTWRM
                 	LDI  R@0,LOW(@2)
                 	LDI  R@1,HIGH(@2)
                 	.ENDM
                 
                 	.MACRO __POINTBRMN
                 	LDI  R@0,LOW(@1+(@2))
                 	.ENDM
                 
                 	.MACRO __POINTWRMN
                 	LDI  R@0,LOW(@2+(@3))
                 	LDI  R@1,HIGH(@2+(@3))
                 	.ENDM
                 
                 	.MACRO __POINTWRFN
                 	LDI  R@0,LOW(@2*2+(@3))
                 	LDI  R@1,HIGH(@2*2+(@3))
                 	.ENDM
                 
                 	.MACRO __GETD1N
                 	LDI  R30,LOW(@0)
                 	LDI  R31,HIGH(@0)
                 	LDI  R22,BYTE3(@0)
                 	LDI  R23,BYTE4(@0)
                 	.ENDM
                 
                 	.MACRO __GETD2N
                 	LDI  R26,LOW(@0)
                 	LDI  R27,HIGH(@0)
                 	LDI  R24,BYTE3(@0)
                 	LDI  R25,BYTE4(@0)
                 	.ENDM
                 
                 	.MACRO __GETB1MN
                 	LDS  R30,@0+(@1)
                 	.ENDM
                 
                 	.MACRO __GETB1HMN
                 	LDS  R31,@0+(@1)
                 	.ENDM
                 
                 	.MACRO __GETW1MN
                 	LDS  R30,@0+(@1)
                 	LDS  R31,@0+(@1)+1
                 	.ENDM
                 
                 	.MACRO __GETD1MN
                 	LDS  R30,@0+(@1)
                 	LDS  R31,@0+(@1)+1
                 	LDS  R22,@0+(@1)+2
                 	LDS  R23,@0+(@1)+3
                 	.ENDM
                 
                 	.MACRO __GETBRMN
                 	LDS  R@0,@1+(@2)
                 	.ENDM
                 
                 	.MACRO __GETWRMN
                 	LDS  R@0,@2+(@3)
                 	LDS  R@1,@2+(@3)+1
                 	.ENDM
                 
                 	.MACRO __GETWRZ
                 	LDD  R@0,Z+@2
                 	LDD  R@1,Z+@2+1
                 	.ENDM
                 
                 	.MACRO __GETD2Z
                 	LDD  R26,Z+@0
                 	LDD  R27,Z+@0+1
                 	LDD  R24,Z+@0+2
                 	LDD  R25,Z+@0+3
                 	.ENDM
                 
                 	.MACRO __GETB2MN
                 	LDS  R26,@0+(@1)
                 	.ENDM
                 
                 	.MACRO __GETW2MN
                 	LDS  R26,@0+(@1)
                 	LDS  R27,@0+(@1)+1
                 	.ENDM
                 
                 	.MACRO __GETD2MN
                 	LDS  R26,@0+(@1)
                 	LDS  R27,@0+(@1)+1
                 	LDS  R24,@0+(@1)+2
                 	LDS  R25,@0+(@1)+3
                 	.ENDM
                 
                 	.MACRO __PUTB1MN
                 	STS  @0+(@1),R30
                 	.ENDM
                 
                 	.MACRO __PUTW1MN
                 	STS  @0+(@1),R30
                 	STS  @0+(@1)+1,R31
                 	.ENDM
                 
                 	.MACRO __PUTD1MN
                 	STS  @0+(@1),R30
                 	STS  @0+(@1)+1,R31
                 	STS  @0+(@1)+2,R22
                 	STS  @0+(@1)+3,R23
                 	.ENDM
                 
                 	.MACRO __PUTB1EN
                 	LDI  R26,LOW(@0+(@1))
                 	LDI  R27,HIGH(@0+(@1))
                 	RCALL __EEPROMWRB
                 	.ENDM
                 
                 	.MACRO __PUTW1EN
                 	LDI  R26,LOW(@0+(@1))
                 	LDI  R27,HIGH(@0+(@1))
                 	RCALL __EEPROMWRW
                 	.ENDM
                 
                 	.MACRO __PUTD1EN
                 	LDI  R26,LOW(@0+(@1))
                 	LDI  R27,HIGH(@0+(@1))
                 	RCALL __EEPROMWRD
                 	.ENDM
                 
                 	.MACRO __PUTBR0MN
                 	STS  @0+(@1),R0
                 	.ENDM
                 
                 	.MACRO __PUTBMRN
                 	STS  @0+(@1),R@2
                 	.ENDM
                 
                 	.MACRO __PUTWMRN
                 	STS  @0+(@1),R@2
                 	STS  @0+(@1)+1,R@3
                 	.ENDM
                 
                 	.MACRO __PUTBZR
                 	STD  Z+@1,R@0
                 	.ENDM
                 
                 	.MACRO __PUTWZR
                 	STD  Z+@2,R@0
                 	STD  Z+@2+1,R@1
                 	.ENDM
                 
                 	.MACRO __GETW1R
                 	MOV  R30,R@0
                 	MOV  R31,R@1
                 	.ENDM
                 
                 	.MACRO __GETW2R
                 	MOV  R26,R@0
                 	MOV  R27,R@1
                 	.ENDM
                 
                 	.MACRO __GETWRN
                 	LDI  R@0,LOW(@2)
                 	LDI  R@1,HIGH(@2)
                 	.ENDM
                 
                 	.MACRO __PUTW1R
                 	MOV  R@0,R30
                 	MOV  R@1,R31
                 	.ENDM
                 
                 	.MACRO __PUTW2R
                 	MOV  R@0,R26
                 	MOV  R@1,R27
                 	.ENDM
                 
                 	.MACRO __ADDWRN
                 	SUBI R@0,LOW(-@2)
                 	SBCI R@1,HIGH(-@2)
                 	.ENDM
                 
                 	.MACRO __ADDWRR
                 	ADD  R@0,R@2
                 	ADC  R@1,R@3
                 	.ENDM
                 
                 	.MACRO __SUBWRN
                 	SUBI R@0,LOW(@2)
                 	SBCI R@1,HIGH(@2)
                 	.ENDM
                 
                 	.MACRO __SUBWRR
                 	SUB  R@0,R@2
                 	SBC  R@1,R@3
                 	.ENDM
                 
                 	.MACRO __ANDWRN
                 	ANDI R@0,LOW(@2)
                 	ANDI R@1,HIGH(@2)
                 	.ENDM
                 
                 	.MACRO __ANDWRR
                 	AND  R@0,R@2
                 	AND  R@1,R@3
                 	.ENDM
                 
                 	.MACRO __ORWRN
                 	ORI  R@0,LOW(@2)
                 	ORI  R@1,HIGH(@2)
                 	.ENDM
                 
                 	.MACRO __ORWRR
                 	OR   R@0,R@2
                 	OR   R@1,R@3
                 	.ENDM
                 
                 	.MACRO __EORWRR
                 	EOR  R@0,R@2
                 	EOR  R@1,R@3
                 	.ENDM
                 
                 	.MACRO __GETWRS
                 	LDD  R@0,Y+@2
                 	LDD  R@1,Y+@2+1
                 	.ENDM
                 
                 	.MACRO __PUTBSR
                 	STD  Y+@1,R@0
                 	.ENDM
                 
                 	.MACRO __PUTWSR
                 	STD  Y+@2,R@0
                 	STD  Y+@2+1,R@1
                 	.ENDM
                 
                 	.MACRO __MOVEWRR
                 	MOV  R@0,R@2
                 	MOV  R@1,R@3
                 	.ENDM
                 
                 	.MACRO __INWR
                 	IN   R@0,@2
                 	IN   R@1,@2+1
                 	.ENDM
                 
                 	.MACRO __OUTWR
                 	OUT  @2+1,R@1
                 	OUT  @2,R@0
                 	.ENDM
                 
                 	.MACRO __CALL1MN
                 	LDS  R30,@0+(@1)
                 	LDS  R31,@0+(@1)+1
                 	ICALL
                 	.ENDM
                 
                 	.MACRO __CALL1FN
                 	LDI  R30,LOW(2*@0+(@1))
                 	LDI  R31,HIGH(2*@0+(@1))
                 	RCALL __GETW1PF
                 	ICALL
                 	.ENDM
                 
                 	.MACRO __CALL2EN
                 	PUSH R26
                 	PUSH R27
                 	LDI  R26,LOW(@0+(@1))
                 	LDI  R27,HIGH(@0+(@1))
                 	RCALL __EEPROMRDW
                 	POP  R27
                 	POP  R26
                 	ICALL
                 	.ENDM
                 
                 	.MACRO __CALL2EX
                 	SUBI R26,LOW(-@0)
                 	SBCI R27,HIGH(-@0)
                 	RCALL __EEPROMRDD
                 	ICALL
                 	.ENDM
                 
                 	.MACRO __GETW1STACK
                 	IN   R30,SPL
                 	IN   R31,SPH
                 	ADIW R30,@0+1
                 	LD   R0,Z+
                 	LD   R31,Z
                 	MOV  R30,R0
                 	.ENDM
                 
                 	.MACRO __GETD1STACK
                 	IN   R30,SPL
                 	IN   R31,SPH
                 	ADIW R30,@0+1
                 	LD   R0,Z+
                 	LD   R1,Z+
                 	LD   R22,Z
                 	MOVW R30,R0
                 	.ENDM
                 
                 	.MACRO __NBST
                 	BST  R@0,@1
                 	IN   R30,SREG
                 	LDI  R31,0x40
                 	EOR  R30,R31
                 	OUT  SREG,R30
                 	.ENDM
                 
                 
                 	.MACRO __PUTB1SN
                 	LDD  R26,Y+@0
                 	LDD  R27,Y+@0+1
                 	SUBI R26,LOW(-@1)
                 	SBCI R27,HIGH(-@1)
                 	ST   X,R30
                 	.ENDM
                 
                 	.MACRO __PUTW1SN
                 	LDD  R26,Y+@0
                 	LDD  R27,Y+@0+1
                 	SUBI R26,LOW(-@1)
                 	SBCI R27,HIGH(-@1)
                 	ST   X+,R30
                 	ST   X,R31
                 	.ENDM
                 
                 	.MACRO __PUTD1SN
                 	LDD  R26,Y+@0
                 	LDD  R27,Y+@0+1
                 	SUBI R26,LOW(-@1)
                 	SBCI R27,HIGH(-@1)
                 	RCALL __PUTDP1
                 	.ENDM
                 
                 	.MACRO __PUTB1SNS
                 	LDD  R26,Y+@0
                 	LDD  R27,Y+@0+1
                 	ADIW R26,@1
                 	ST   X,R30
                 	.ENDM
                 
                 	.MACRO __PUTW1SNS
                 	LDD  R26,Y+@0
                 	LDD  R27,Y+@0+1
                 	ADIW R26,@1
                 	ST   X+,R30
                 	ST   X,R31
                 	.ENDM
                 
                 	.MACRO __PUTD1SNS
                 	LDD  R26,Y+@0
                 	LDD  R27,Y+@0+1
                 	ADIW R26,@1
                 	RCALL __PUTDP1
                 	.ENDM
                 
                 	.MACRO __PUTB1PMN
                 	LDS  R26,@0
                 	LDS  R27,@0+1
                 	SUBI R26,LOW(-@1)
                 	SBCI R27,HIGH(-@1)
                 	ST   X,R30
                 	.ENDM
                 
                 	.MACRO __PUTW1PMN
                 	LDS  R26,@0
                 	LDS  R27,@0+1
                 	SUBI R26,LOW(-@1)
                 	SBCI R27,HIGH(-@1)
                 	ST   X+,R30
                 	ST   X,R31
                 	.ENDM
                 
                 	.MACRO __PUTD1PMN
                 	LDS  R26,@0
                 	LDS  R27,@0+1
                 	SUBI R26,LOW(-@1)
                 	SBCI R27,HIGH(-@1)
                 	RCALL __PUTDP1
                 	.ENDM
                 
                 	.MACRO __PUTB1PMNS
                 	LDS  R26,@0
                 	LDS  R27,@0+1
                 	ADIW R26,@1
                 	ST   X,R30
                 	.ENDM
                 
                 	.MACRO __PUTW1PMNS
                 	LDS  R26,@0
                 	LDS  R27,@0+1
                 	ADIW R26,@1
                 	ST   X+,R30
                 	ST   X,R31
                 	.ENDM
                 
                 	.MACRO __PUTD1PMNS
                 	LDS  R26,@0
                 	LDS  R27,@0+1
                 	ADIW R26,@1
                 	RCALL __PUTDP1
                 	.ENDM
                 
                 	.MACRO __PUTB1RN
                 	MOVW R26,R@0
                 	SUBI R26,LOW(-@1)
                 	SBCI R27,HIGH(-@1)
                 	ST   X,R30
                 	.ENDM
                 
                 	.MACRO __PUTW1RN
                 	MOVW R26,R@0
                 	SUBI R26,LOW(-@1)
                 	SBCI R27,HIGH(-@1)
                 	ST   X+,R30
                 	ST   X,R31
                 	.ENDM
                 
                 	.MACRO __PUTD1RN
                 	MOVW R26,R@0
                 	SUBI R26,LOW(-@1)
                 	SBCI R27,HIGH(-@1)
                 	RCALL __PUTDP1
                 	.ENDM
                 
                 	.MACRO __PUTB1RNS
                 	MOVW R26,R@0
                 	ADIW R26,@1
                 	ST   X,R30
                 	.ENDM
                 
                 	.MACRO __PUTW1RNS
                 	MOVW R26,R@0
                 	ADIW R26,@1
                 	ST   X+,R30
                 	ST   X,R31
                 	.ENDM
                 
                 	.MACRO __PUTD1RNS
                 	MOVW R26,R@0
                 	ADIW R26,@1
                 	RCALL __PUTDP1
                 	.ENDM
                 
                 	.MACRO __PUTB1RON
                 	MOV  R26,R@0
                 	MOV  R27,R@1
                 	SUBI R26,LOW(-@2)
                 	SBCI R27,HIGH(-@2)
                 	ST   X,R30
                 	.ENDM
                 
                 	.MACRO __PUTW1RON
                 	MOV  R26,R@0
                 	MOV  R27,R@1
                 	SUBI R26,LOW(-@2)
                 	SBCI R27,HIGH(-@2)
                 	ST   X+,R30
                 	ST   X,R31
                 	.ENDM
                 
                 	.MACRO __PUTD1RON
                 	MOV  R26,R@0
                 	MOV  R27,R@1
                 	SUBI R26,LOW(-@2)
                 	SBCI R27,HIGH(-@2)
                 	RCALL __PUTDP1
                 	.ENDM
                 
                 	.MACRO __PUTB1RONS
                 	MOV  R26,R@0
                 	MOV  R27,R@1
                 	ADIW R26,@2
                 	ST   X,R30
                 	.ENDM
                 
                 	.MACRO __PUTW1RONS
                 	MOV  R26,R@0
                 	MOV  R27,R@1
                 	ADIW R26,@2
                 	ST   X+,R30
                 	ST   X,R31
                 	.ENDM
                 
                 	.MACRO __PUTD1RONS
                 	MOV  R26,R@0
                 	MOV  R27,R@1
                 	ADIW R26,@2
                 	RCALL __PUTDP1
                 	.ENDM
                 
                 
                 	.MACRO __GETB1SX
                 	MOVW R30,R28
                 	SUBI R30,LOW(-@0)
                 	SBCI R31,HIGH(-@0)
                 	LD   R30,Z
                 	.ENDM
                 
                 	.MACRO __GETB1HSX
                 	MOVW R30,R28
                 	SUBI R30,LOW(-@0)
                 	SBCI R31,HIGH(-@0)
                 	LD   R31,Z
                 	.ENDM
                 
                 	.MACRO __GETW1SX
                 	MOVW R30,R28
                 	SUBI R30,LOW(-@0)
                 	SBCI R31,HIGH(-@0)
                 	LD   R0,Z+
                 	LD   R31,Z
                 	MOV  R30,R0
                 	.ENDM
                 
                 	.MACRO __GETD1SX
                 	MOVW R30,R28
                 	SUBI R30,LOW(-@0)
                 	SBCI R31,HIGH(-@0)
                 	LD   R0,Z+
                 	LD   R1,Z+
                 	LD   R22,Z+
                 	LD   R23,Z
                 	MOVW R30,R0
                 	.ENDM
                 
                 	.MACRO __GETB2SX
                 	MOVW R26,R28
                 	SUBI R26,LOW(-@0)
                 	SBCI R27,HIGH(-@0)
                 	LD   R26,X
                 	.ENDM
                 
                 	.MACRO __GETW2SX
                 	MOVW R26,R28
                 	SUBI R26,LOW(-@0)
                 	SBCI R27,HIGH(-@0)
                 	LD   R0,X+
                 	LD   R27,X
                 	MOV  R26,R0
                 	.ENDM
                 
                 	.MACRO __GETD2SX
                 	MOVW R26,R28
                 	SUBI R26,LOW(-@0)
                 	SBCI R27,HIGH(-@0)
                 	LD   R0,X+
                 	LD   R1,X+
                 	LD   R24,X+
                 	LD   R25,X
                 	MOVW R26,R0
                 	.ENDM
                 
                 	.MACRO __GETBRSX
                 	MOVW R30,R28
                 	SUBI R30,LOW(-@1)
                 	SBCI R31,HIGH(-@1)
                 	LD   R@0,Z
                 	.ENDM
                 
                 	.MACRO __GETWRSX
                 	MOVW R30,R28
                 	SUBI R30,LOW(-@2)
                 	SBCI R31,HIGH(-@2)
                 	LD   R@0,Z+
                 	LD   R@1,Z
                 	.ENDM
                 
                 	.MACRO __GETBRSX2
                 	MOVW R26,R28
                 	SUBI R26,LOW(-@1)
                 	SBCI R27,HIGH(-@1)
                 	LD   R@0,X
                 	.ENDM
                 
                 	.MACRO __GETWRSX2
                 	MOVW R26,R28
                 	SUBI R26,LOW(-@2)
                 	SBCI R27,HIGH(-@2)
                 	LD   R@0,X+
                 	LD   R@1,X
                 	.ENDM
                 
                 	.MACRO __LSLW8SX
                 	MOVW R30,R28
                 	SUBI R30,LOW(-@0)
                 	SBCI R31,HIGH(-@0)
                 	LD   R31,Z
                 	CLR  R30
                 	.ENDM
                 
                 	.MACRO __PUTB1SX
                 	MOVW R26,R28
                 	SUBI R26,LOW(-@0)
                 	SBCI R27,HIGH(-@0)
                 	ST   X,R30
                 	.ENDM
                 
                 	.MACRO __PUTW1SX
                 	MOVW R26,R28
                 	SUBI R26,LOW(-@0)
                 	SBCI R27,HIGH(-@0)
                 	ST   X+,R30
                 	ST   X,R31
                 	.ENDM
                 
                 	.MACRO __PUTD1SX
                 	MOVW R26,R28
                 	SUBI R26,LOW(-@0)
                 	SBCI R27,HIGH(-@0)
                 	ST   X+,R30
                 	ST   X+,R31
                 	ST   X+,R22
                 	ST   X,R23
                 	.ENDM
                 
                 	.MACRO __CLRW1SX
                 	MOVW R26,R28
                 	SUBI R26,LOW(-@0)
                 	SBCI R27,HIGH(-@0)
                 	ST   X+,R30
                 	ST   X,R30
                 	.ENDM
                 
                 	.MACRO __CLRD1SX
                 	MOVW R26,R28
                 	SUBI R26,LOW(-@0)
                 	SBCI R27,HIGH(-@0)
                 	ST   X+,R30
                 	ST   X+,R30
                 	ST   X+,R30
                 	ST   X,R30
                 	.ENDM
                 
                 	.MACRO __PUTB2SX
                 	MOVW R30,R28
                 	SUBI R30,LOW(-@0)
                 	SBCI R31,HIGH(-@0)
                 	ST   Z,R26
                 	.ENDM
                 
                 	.MACRO __PUTW2SX
                 	MOVW R30,R28
                 	SUBI R30,LOW(-@0)
                 	SBCI R31,HIGH(-@0)
                 	ST   Z+,R26
                 	ST   Z,R27
                 	.ENDM
                 
                 	.MACRO __PUTD2SX
                 	MOVW R30,R28
                 	SUBI R30,LOW(-@0)
                 	SBCI R31,HIGH(-@0)
                 	ST   Z+,R26
                 	ST   Z+,R27
                 	ST   Z+,R24
                 	ST   Z,R25
                 	.ENDM
                 
                 	.MACRO __PUTBSRX
                 	MOVW R30,R28
                 	SUBI R30,LOW(-@1)
                 	SBCI R31,HIGH(-@1)
                 	ST   Z,R@0
                 	.ENDM
                 
                 	.MACRO __PUTWSRX
                 	MOVW R30,R28
                 	SUBI R30,LOW(-@2)
                 	SBCI R31,HIGH(-@2)
                 	ST   Z+,R@0
                 	ST   Z,R@1
                 	.ENDM
                 
                 	.MACRO __PUTB1SNX
                 	MOVW R26,R28
                 	SUBI R26,LOW(-@0)
                 	SBCI R27,HIGH(-@0)
                 	LD   R0,X+
                 	LD   R27,X
                 	MOV  R26,R0
                 	SUBI R26,LOW(-@1)
                 	SBCI R27,HIGH(-@1)
                 	ST   X,R30
                 	.ENDM
                 
                 	.MACRO __PUTW1SNX
                 	MOVW R26,R28
                 	SUBI R26,LOW(-@0)
                 	SBCI R27,HIGH(-@0)
                 	LD   R0,X+
                 	LD   R27,X
                 	MOV  R26,R0
                 	SUBI R26,LOW(-@1)
                 	SBCI R27,HIGH(-@1)
                 	ST   X+,R30
                 	ST   X,R31
                 	.ENDM
                 
                 	.MACRO __PUTD1SNX
                 	MOVW R26,R28
                 	SUBI R26,LOW(-@0)
                 	SBCI R27,HIGH(-@0)
                 	LD   R0,X+
                 	LD   R27,X
                 	MOV  R26,R0
                 	SUBI R26,LOW(-@1)
                 	SBCI R27,HIGH(-@1)
                 	ST   X+,R30
                 	ST   X+,R31
                 	ST   X+,R22
                 	ST   X,R23
                 	.ENDM
                 
                 	.MACRO __MULBRR
                 	MULS R@0,R@1
                 	MOVW R30,R0
                 	.ENDM
                 
                 	.MACRO __MULBRRU
                 	MUL  R@0,R@1
                 	MOVW R30,R0
                 	.ENDM
                 
                 	.MACRO __MULBRR0
                 	MULS R@0,R@1
                 	.ENDM
                 
                 	.MACRO __MULBRRU0
                 	MUL  R@0,R@1
                 	.ENDM
                 
                 	.MACRO __MULBNWRU
                 	LDI  R26,@2
                 	MUL  R26,R@0
                 	MOVW R30,R0
                 	MUL  R26,R@1
                 	ADD  R31,R0
                 	.ENDM
                 
                 ;NAME DEFINITIONS FOR GLOBAL VARIABLES ALLOCATED TO REGISTERS
                 	.DEF _adc=R5
                 	.DEF _calculo=R6
                 	.DEF _calculo_msb=R7
                 	.DEF _Decenas=R4
                 	.DEF _Unidades=R9
                 	.DEF _Decimas=R8
                 	.DEF _grados=R11
                 
                 	.CSEG
                 	.ORG 0x00
                 
                 ;START OF CODE MARKER
                 __START_OF_CODE:
                 
                 ;INTERRUPT VECTORS
000000 c019      	RJMP __RESET
000001 cffe      	RJMP 0x00
000002 cffd      	RJMP 0x00
000003 cffc      	RJMP 0x00
000004 cffb      	RJMP 0x00
000005 cffa      	RJMP 0x00
000006 cff9      	RJMP 0x00
000007 cff8      	RJMP 0x00
000008 cff7      	RJMP 0x00
000009 cff6      	RJMP 0x00
00000a cff5      	RJMP 0x00
00000b cff4      	RJMP 0x00
00000c cff3      	RJMP 0x00
00000d cff2      	RJMP 0x00
00000e cff1      	RJMP 0x00
00000f cff0      	RJMP 0x00
000010 cfef      	RJMP 0x00
000011 cfee      	RJMP 0x00
000012 cfed      	RJMP 0x00
000013 cfec      	RJMP 0x00
000014 cfeb      	RJMP 0x00
                 
                 _tabla7SegmentosAnodo:
000015 f9c0
000016 b0a4
000017 9299
000018 f883      	.DB  0xC0,0xF9,0xA4,0xB0,0x99,0x92,0x83,0xF8
000019 9080      	.DB  0x80,0x90
                 
                 __RESET:
00001a 94f8      	CLI
00001b 27ee      	CLR  R30
00001c bbec      	OUT  EECR,R30
                 
                 ;INTERRUPT VECTORS ARE PLACED
                 ;AT THE START OF FLASH
00001d e0f1      	LDI  R31,1
00001e bffb      	OUT  GICR,R31
00001f bfeb      	OUT  GICR,R30
000020 bfe5      	OUT  MCUCR,R30
                 
                 ;CLEAR R2-R14
000021 e08d      	LDI  R24,(14-2)+1
000022 e0a2      	LDI  R26,2
000023 27bb      	CLR  R27
                 __CLEAR_REG:
000024 93ed      	ST   X+,R30
000025 958a      	DEC  R24
000026 f7e9      	BRNE __CLEAR_REG
                 
                 ;CLEAR SRAM
000027 e080      	LDI  R24,LOW(__CLEAR_SRAM_SIZE)
000028 e092      	LDI  R25,HIGH(__CLEAR_SRAM_SIZE)
000029 e6a0      	LDI  R26,__SRAM_START
                 __CLEAR_SRAM:
00002a 93ed      	ST   X+,R30
00002b 9701      	SBIW R24,1
00002c f7e9      	BRNE __CLEAR_SRAM
                 
                 ;HARDWARE STACK POINTER INITIALIZATION
00002d e5ef      	LDI  R30,LOW(__SRAM_END-__HEAP_SIZE)
00002e bfed      	OUT  SPL,R30
00002f e0e2      	LDI  R30,HIGH(__SRAM_END-__HEAP_SIZE)
000030 bfee      	OUT  SPH,R30
                 
                 ;DATA STACK POINTER INITIALIZATION
000031 eec0      	LDI  R28,LOW(__SRAM_START+__DSTACK_SIZE)
000032 e0d0      	LDI  R29,HIGH(__SRAM_START+__DSTACK_SIZE)
                 
000033 c00f      	RJMP _main
                 
                 	.ESEG
                 	.ORG 0x00
                 
                 	.DSEG
                 	.ORG 0xE0
                 
                 	.CSEG
                 ;/*******************************************************
                 ;This program was created by the CodeWizardAVR V3.34
                 ;Automatic Program Generator
                 ;© Copyright 1998-2018 Pavel Haiduc, HP InfoTech s.r.l.
                 ;http://www.hpinfotech.com
                 ;
                 ;Project :
                 ;Version :
                 ;Date    : 13/03/2019
                 ;Author  :
                 ;Company :
                 ;Comments:
                 ;
                 ;
                 ;Chip type               : ATmega8535L
                 ;Program type            : Application
                 ;AVR Core Clock frequency: 1.000000 MHz
                 ;Memory model            : Small
                 ;External RAM size       : 0
                 ;Data Stack size         : 128
                 ;*******************************************************/
                 ;
                 ;#include <mega8535.h>
                 	#ifndef __SLEEP_DEFINED__
                 	#define __SLEEP_DEFINED__
                 	.EQU __se_bit=0x40
                 	.EQU __sm_mask=0xB0
                 	.EQU __sm_powerdown=0x20
                 	.EQU __sm_powersave=0x30
                 	.EQU __sm_standby=0xA0
                 	.EQU __sm_ext_standby=0xB0
                 	.EQU __sm_adc_noise_red=0x10
                 	.SET power_ctrl_reg=mcucr
                 	#endif
                 ;
                 ;#include <delay.h>
                 ;const char tabla7SegmentosAnodo [10]={0xc0 ,0xf9 ,0xa4 ,0xb0 ,0x99 ,0x92 ,0x83 ,0xf8 ,0x80 ,0x90};
                 ;#define simbolo  PORTC.0
                 ;#define decimas  PORTC.1
                 ;#define unidades PORTC.2
                 ;#define decenas  PORTC.3
                 ;#define dp       PORTB.7
                 ;#define cambio   PIND.0
                 ;unsigned char adc;
                 ;int calculo;
                 ;char Decenas, Unidades, Decimas, grados;
                 ;const char C = 0b11000110;
                 ;const char F = 0b10001110;
                 ;float conversion;
                 ;// Voltage Reference: AVCC pin
                 ;#define ADC_VREF_TYPE ((0<<REFS1) | (1<<REFS0) | (1<<ADLAR))
                 ;
                 ;// Read the 8 most significant bits
                 ;// of the AD conversion result
                 ;unsigned char read_adc(unsigned char adc_input)
                 ; 0000 002D {
                 
                 	.CSEG
                 _read_adc:
                 ; .FSTART _read_adc
                 ; 0000 002E ADMUX=adc_input | ADC_VREF_TYPE;
000034 931a      	ST   -Y,R17
000035 2f1a      	MOV  R17,R26
                 ;	adc_input -> R17
000036 2fe1      	MOV  R30,R17
000037 66e0      	ORI  R30,LOW(0x60)
000038 b9e7      	OUT  0x7,R30
                 ; 0000 002F // Delay needed for the stabilization of the ADC input voltage
                 ; 0000 0030 delay_us(10);
                +
000039 e083     +LDI R24 , LOW ( 3 )
                +__DELAY_USB_LOOP :
00003a 958a     +DEC R24
00003b f7f1     +BRNE __DELAY_USB_LOOP
                 	__DELAY_USB 3
                 ; 0000 0031 // Start the AD conversion
                 ; 0000 0032 ADCSRA|=(1<<ADSC);
00003c 9a36      	SBI  0x6,6
                 ; 0000 0033 // Wait for the AD conversion to complete
                 ; 0000 0034 while ((ADCSRA & (1<<ADIF))==0);
                 _0x3:
00003d 9b34      	SBIS 0x6,4
00003e cffe      	RJMP _0x3
                 ; 0000 0035 ADCSRA|=(1<<ADIF);
00003f 9a34      	SBI  0x6,4
                 ; 0000 0036 return ADCH;
000040 b1e5      	IN   R30,0x5
000041 9119      	LD   R17,Y+
000042 9508      	RET
                 ; 0000 0037 }
                 ; .FEND
                 ;
                 ;void main(void)
                 ; 0000 003A {
                 _main:
                 ; .FSTART _main
                 ; 0000 003B // Declare your local variables here
                 ; 0000 003C 
                 ; 0000 003D // Input/Output Ports initialization
                 ; 0000 003E // Port A initialization
                 ; 0000 003F // Function: Bit7=In Bit6=In Bit5=In Bit4=In Bit3=In Bit2=In Bit1=In Bit0=In
                 ; 0000 0040 DDRA=(0<<DDA7) | (0<<DDA6) | (0<<DDA5) | (0<<DDA4) | (0<<DDA3) | (0<<DDA2) | (0<<DDA1) | (0<<DDA0);
000043 e0e0      	LDI  R30,LOW(0)
000044 bbea      	OUT  0x1A,R30
                 ; 0000 0041 // State: Bit7=T Bit6=T Bit5=T Bit4=T Bit3=T Bit2=T Bit1=T Bit0=T
                 ; 0000 0042 PORTA=(0<<PORTA7) | (0<<PORTA6) | (0<<PORTA5) | (0<<PORTA4) | (0<<PORTA3) | (0<<PORTA2) | (0<<PORTA1) | (0<<PORTA0);
000045 bbeb      	OUT  0x1B,R30
                 ; 0000 0043 
                 ; 0000 0044 // Port B initialization
                 ; 0000 0045 // Function: Bit7=Out Bit6=Out Bit5=Out Bit4=Out Bit3=Out Bit2=Out Bit1=Out Bit0=Out
                 ; 0000 0046 DDRB=(1<<DDB7) | (1<<DDB6) | (1<<DDB5) | (1<<DDB4) | (1<<DDB3) | (1<<DDB2) | (1<<DDB1) | (1<<DDB0);
000046 efef      	LDI  R30,LOW(255)
000047 bbe7      	OUT  0x17,R30
                 ; 0000 0047 // State: Bit7=0 Bit6=0 Bit5=0 Bit4=0 Bit3=0 Bit2=0 Bit1=0 Bit0=0
                 ; 0000 0048 PORTB=(0<<PORTB7) | (0<<PORTB6) | (0<<PORTB5) | (0<<PORTB4) | (0<<PORTB3) | (0<<PORTB2) | (0<<PORTB1) | (0<<PORTB0);
000048 e0e0      	LDI  R30,LOW(0)
000049 bbe8      	OUT  0x18,R30
                 ; 0000 0049 
                 ; 0000 004A // Port C initialization
                 ; 0000 004B // Function: Bit7=Out Bit6=Out Bit5=Out Bit4=Out Bit3=Out Bit2=Out Bit1=Out Bit0=Out
                 ; 0000 004C DDRC=(1<<DDC7) | (1<<DDC6) | (1<<DDC5) | (1<<DDC4) | (1<<DDC3) | (1<<DDC2) | (1<<DDC1) | (1<<DDC0);
00004a efef      	LDI  R30,LOW(255)
00004b bbe4      	OUT  0x14,R30
                 ; 0000 004D // State: Bit7=0 Bit6=0 Bit5=0 Bit4=0 Bit3=0 Bit2=0 Bit1=0 Bit0=0
                 ; 0000 004E PORTC=(0<<PORTC7) | (0<<PORTC6) | (0<<PORTC5) | (0<<PORTC4) | (0<<PORTC3) | (0<<PORTC2) | (0<<PORTC1) | (0<<PORTC0);
00004c e0e0      	LDI  R30,LOW(0)
00004d bbe5      	OUT  0x15,R30
                 ; 0000 004F 
                 ; 0000 0050 // Port D initialization
                 ; 0000 0051 // Function: Bit7=In Bit6=In Bit5=In Bit4=In Bit3=In Bit2=In Bit1=In Bit0=In
                 ; 0000 0052 DDRD=(0<<DDD7) | (0<<DDD6) | (0<<DDD5) | (0<<DDD4) | (0<<DDD3) | (0<<DDD2) | (0<<DDD1) | (0<<DDD0);
00004e bbe1      	OUT  0x11,R30
                 ; 0000 0053 // State: Bit7=P Bit6=P Bit5=P Bit4=P Bit3=P Bit2=P Bit1=P Bit0=P
                 ; 0000 0054 PORTD=(1<<PORTD7) | (1<<PORTD6) | (1<<PORTD5) | (1<<PORTD4) | (1<<PORTD3) | (1<<PORTD2) | (1<<PORTD1) | (1<<PORTD0);
00004f efef      	LDI  R30,LOW(255)
000050 bbe2      	OUT  0x12,R30
                 ; 0000 0055 
                 ; 0000 0056 // Timer/Counter 0 initialization
                 ; 0000 0057 // Clock source: System Clock
                 ; 0000 0058 // Clock value: Timer 0 Stopped
                 ; 0000 0059 // Mode: Normal top=0xFF
                 ; 0000 005A // OC0 output: Disconnected
                 ; 0000 005B TCCR0=(0<<WGM00) | (0<<COM01) | (0<<COM00) | (0<<WGM01) | (0<<CS02) | (0<<CS01) | (0<<CS00);
000051 e0e0      	LDI  R30,LOW(0)
000052 bfe3      	OUT  0x33,R30
                 ; 0000 005C TCNT0=0x00;
000053 bfe2      	OUT  0x32,R30
                 ; 0000 005D OCR0=0x00;
000054 bfec      	OUT  0x3C,R30
                 ; 0000 005E 
                 ; 0000 005F // Timer/Counter 1 initialization
                 ; 0000 0060 // Clock source: System Clock
                 ; 0000 0061 // Clock value: Timer1 Stopped
                 ; 0000 0062 // Mode: Normal top=0xFFFF
                 ; 0000 0063 // OC1A output: Disconnected
                 ; 0000 0064 // OC1B output: Disconnected
                 ; 0000 0065 // Noise Canceler: Off
                 ; 0000 0066 // Input Capture on Falling Edge
                 ; 0000 0067 // Timer1 Overflow Interrupt: Off
                 ; 0000 0068 // Input Capture Interrupt: Off
                 ; 0000 0069 // Compare A Match Interrupt: Off
                 ; 0000 006A // Compare B Match Interrupt: Off
                 ; 0000 006B TCCR1A=(0<<COM1A1) | (0<<COM1A0) | (0<<COM1B1) | (0<<COM1B0) | (0<<WGM11) | (0<<WGM10);
000055 bdef      	OUT  0x2F,R30
                 ; 0000 006C TCCR1B=(0<<ICNC1) | (0<<ICES1) | (0<<WGM13) | (0<<WGM12) | (0<<CS12) | (0<<CS11) | (0<<CS10);
000056 bdee      	OUT  0x2E,R30
                 ; 0000 006D TCNT1H=0x00;
000057 bded      	OUT  0x2D,R30
                 ; 0000 006E TCNT1L=0x00;
000058 bdec      	OUT  0x2C,R30
                 ; 0000 006F ICR1H=0x00;
000059 bde7      	OUT  0x27,R30
                 ; 0000 0070 ICR1L=0x00;
00005a bde6      	OUT  0x26,R30
                 ; 0000 0071 OCR1AH=0x00;
00005b bdeb      	OUT  0x2B,R30
                 ; 0000 0072 OCR1AL=0x00;
00005c bdea      	OUT  0x2A,R30
                 ; 0000 0073 OCR1BH=0x00;
00005d bde9      	OUT  0x29,R30
                 ; 0000 0074 OCR1BL=0x00;
00005e bde8      	OUT  0x28,R30
                 ; 0000 0075 
                 ; 0000 0076 // Timer/Counter 2 initialization
                 ; 0000 0077 // Clock source: System Clock
                 ; 0000 0078 // Clock value: Timer2 Stopped
                 ; 0000 0079 // Mode: Normal top=0xFF
                 ; 0000 007A // OC2 output: Disconnected
                 ; 0000 007B ASSR=0<<AS2;
00005f bde2      	OUT  0x22,R30
                 ; 0000 007C TCCR2=(0<<WGM20) | (0<<COM21) | (0<<COM20) | (0<<WGM21) | (0<<CS22) | (0<<CS21) | (0<<CS20);
000060 bde5      	OUT  0x25,R30
                 ; 0000 007D TCNT2=0x00;
000061 bde4      	OUT  0x24,R30
                 ; 0000 007E OCR2=0x00;
000062 bde3      	OUT  0x23,R30
                 ; 0000 007F 
                 ; 0000 0080 // Timer(s)/Counter(s) Interrupt(s) initialization
                 ; 0000 0081 TIMSK=(0<<OCIE2) | (0<<TOIE2) | (0<<TICIE1) | (0<<OCIE1A) | (0<<OCIE1B) | (0<<TOIE1) | (0<<OCIE0) | (0<<TOIE0);
000063 bfe9      	OUT  0x39,R30
                 ; 0000 0082 
                 ; 0000 0083 // External Interrupt(s) initialization
                 ; 0000 0084 // INT0: Off
                 ; 0000 0085 // INT1: Off
                 ; 0000 0086 // INT2: Off
                 ; 0000 0087 MCUCR=(0<<ISC11) | (0<<ISC10) | (0<<ISC01) | (0<<ISC00);
000064 bfe5      	OUT  0x35,R30
                 ; 0000 0088 MCUCSR=(0<<ISC2);
000065 bfe4      	OUT  0x34,R30
                 ; 0000 0089 
                 ; 0000 008A // USART initialization
                 ; 0000 008B // USART disabled
                 ; 0000 008C UCSRB=(0<<RXCIE) | (0<<TXCIE) | (0<<UDRIE) | (0<<RXEN) | (0<<TXEN) | (0<<UCSZ2) | (0<<RXB8) | (0<<TXB8);
000066 b9ea      	OUT  0xA,R30
                 ; 0000 008D 
                 ; 0000 008E // Analog Comparator initialization
                 ; 0000 008F // Analog Comparator: Off
                 ; 0000 0090 // The Analog Comparator's positive input is
                 ; 0000 0091 // connected to the AIN0 pin
                 ; 0000 0092 // The Analog Comparator's negative input is
                 ; 0000 0093 // connected to the AIN1 pin
                 ; 0000 0094 ACSR=(1<<ACD) | (0<<ACBG) | (0<<ACO) | (0<<ACI) | (0<<ACIE) | (0<<ACIC) | (0<<ACIS1) | (0<<ACIS0);
000067 e8e0      	LDI  R30,LOW(128)
000068 b9e8      	OUT  0x8,R30
                 ; 0000 0095 
                 ; 0000 0096 // ADC initialization
                 ; 0000 0097 // ADC Clock frequency: 500.000 kHz
                 ; 0000 0098 // ADC Voltage Reference: AVCC pin
                 ; 0000 0099 // ADC High Speed Mode: Off
                 ; 0000 009A // ADC Auto Trigger Source: ADC Stopped
                 ; 0000 009B // Only the 8 most significant bits of
                 ; 0000 009C // the AD conversion result are used
                 ; 0000 009D ADMUX=ADC_VREF_TYPE;
000069 e6e0      	LDI  R30,LOW(96)
00006a b9e7      	OUT  0x7,R30
                 ; 0000 009E ADCSRA=(1<<ADEN) | (0<<ADSC) | (0<<ADATE) | (0<<ADIF) | (0<<ADIE) | (0<<ADPS2) | (0<<ADPS1) | (1<<ADPS0);
00006b e8e1      	LDI  R30,LOW(129)
00006c b9e6      	OUT  0x6,R30
                 ; 0000 009F SFIOR=(1<<ADHSM) | (0<<ADTS2) | (0<<ADTS1) | (0<<ADTS0);
00006d e1e0      	LDI  R30,LOW(16)
00006e bfe0      	OUT  0x30,R30
                 ; 0000 00A0 
                 ; 0000 00A1 // SPI initialization
                 ; 0000 00A2 // SPI disabled
                 ; 0000 00A3 SPCR=(0<<SPIE) | (0<<SPE) | (0<<DORD) | (0<<MSTR) | (0<<CPOL) | (0<<CPHA) | (0<<SPR1) | (0<<SPR0);
00006f e0e0      	LDI  R30,LOW(0)
000070 b9ed      	OUT  0xD,R30
                 ; 0000 00A4 
                 ; 0000 00A5 // TWI initialization
                 ; 0000 00A6 // TWI disabled
                 ; 0000 00A7 TWCR=(0<<TWEA) | (0<<TWSTA) | (0<<TWSTO) | (0<<TWEN) | (0<<TWIE);
000071 bfe6      	OUT  0x36,R30
                 ; 0000 00A8 
                 ; 0000 00A9 while (1)
                 _0x6:
                 ; 0000 00AA       {
                 ; 0000 00AB         adc = read_adc(0);
000072 e0a0      	LDI  R26,LOW(0)
000073 dfc0      	RCALL _read_adc
000074 2e5e      	MOV  R5,R30
                 ; 0000 00AC         calculo = adc * 1.5;
000075 e0f0      	LDI  R31,0
000076 d077      	RCALL __CWD1
000077 d115      	RCALL __CDF1
                +
000078 e0a0     +LDI R26 , LOW ( 0x3FC00000 )
000079 e0b0     +LDI R27 , HIGH ( 0x3FC00000 )
00007a ec80     +LDI R24 , BYTE3 ( 0x3FC00000 )
00007b e39f     +LDI R25 , BYTE4 ( 0x3FC00000 )
                 	__GETD2N 0x3FC00000
00007c d192      	RCALL __MULF12
00007d d0d8      	RCALL __CFD1
00007e 013f      	MOVW R6,R30
                 ; 0000 00AD 
                 ; 0000 00AE         if(calculo > 50)
00007f e3e2      	LDI  R30,LOW(50)
000080 e0f0      	LDI  R31,HIGH(50)
000081 15e6      	CP   R30,R6
000082 05f7      	CPC  R31,R7
000083 f40c      	BRGE _0x9
                 ; 0000 00AF         {
                 ; 0000 00B0             calculo = 50;
000084 013f      	MOVW R6,R30
                 ; 0000 00B1         }
                 ; 0000 00B2         if(cambio)
                 _0x9:
000085 9b80      	SBIS 0x10,0
000086 c002      	RJMP _0xA
                 ; 0000 00B3         {
                 ; 0000 00B4             grados = C;
000087 ece6      	LDI  R30,LOW(198)
000088 c018      	RJMP _0x35
                 ; 0000 00B5         }
                 ; 0000 00B6         else
                 _0xA:
                 ; 0000 00B7         {
                 ; 0000 00B8             conversion = calculo * 1.8 + 32;
000089 01f3      	MOVW R30,R6
00008a d063      	RCALL __CWD1
00008b d101      	RCALL __CDF1
                +
00008c e6a6     +LDI R26 , LOW ( 0x3FE66666 )
00008d e6b6     +LDI R27 , HIGH ( 0x3FE66666 )
00008e ee86     +LDI R24 , BYTE3 ( 0x3FE66666 )
00008f e39f     +LDI R25 , BYTE4 ( 0x3FE66666 )
                 	__GETD2N 0x3FE66666
000090 d17e      	RCALL __MULF12
                +
000091 e0a0     +LDI R26 , LOW ( 0x42000000 )
000092 e0b0     +LDI R27 , HIGH ( 0x42000000 )
000093 e080     +LDI R24 , BYTE3 ( 0x42000000 )
000094 e492     +LDI R25 , BYTE4 ( 0x42000000 )
                 	__GETD2N 0x42000000
000095 d12a      	RCALL __ADDF12
000096 93e0 00e0 	STS  _conversion,R30
000098 93f0 00e1 	STS  _conversion+1,R31
00009a 9360 00e2 	STS  _conversion+2,R22
00009c 9370 00e3 	STS  _conversion+3,R23
                 ; 0000 00B9             calculo = conversion;
00009e d0b7      	RCALL __CFD1
00009f 013f      	MOVW R6,R30
                 ; 0000 00BA             grados = F;
0000a0 e8ee      	LDI  R30,LOW(142)
                 _0x35:
0000a1 2ebe      	MOV  R11,R30
                 ; 0000 00BB         }
                 ; 0000 00BC 
                 ; 0000 00BD         Decenas  = calculo / 100;
0000a2 01d3      	MOVW R26,R6
0000a3 e6e4      	LDI  R30,LOW(100)
0000a4 e0f0      	LDI  R31,HIGH(100)
0000a5 d060      	RCALL __DIVW21
0000a6 2e4e      	MOV  R4,R30
                 ; 0000 00BE         calculo  %= 100;
0000a7 01d3      	MOVW R26,R6
0000a8 e6e4      	LDI  R30,LOW(100)
0000a9 e0f0      	LDI  R31,HIGH(100)
0000aa d060      	RCALL __MODW21
0000ab 013f      	MOVW R6,R30
                 ; 0000 00BF         Unidades = calculo / 10;
0000ac 01d3      	MOVW R26,R6
0000ad e0ea      	LDI  R30,LOW(10)
0000ae e0f0      	LDI  R31,HIGH(10)
0000af d056      	RCALL __DIVW21
0000b0 2e9e      	MOV  R9,R30
                 ; 0000 00C0         Decimas  = calculo % 10;
0000b1 01d3      	MOVW R26,R6
0000b2 e0ea      	LDI  R30,LOW(10)
0000b3 e0f0      	LDI  R31,HIGH(10)
0000b4 d056      	RCALL __MODW21
0000b5 2e8e      	MOV  R8,R30
                 ; 0000 00C1 
                 ; 0000 00C2         PORTB = grados;
0000b6 bab8      	OUT  0x18,R11
                 ; 0000 00C3         dp       = 1;
0000b7 9ac7      	SBI  0x18,7
                 ; 0000 00C4         decenas  = 0;
0000b8 98ab      	CBI  0x15,3
                 ; 0000 00C5         unidades = 0;
0000b9 98aa      	CBI  0x15,2
                 ; 0000 00C6         decimas  = 0;
0000ba 98a9      	CBI  0x15,1
                 ; 0000 00C7         simbolo  = 1;
0000bb 9aa8      	SBI  0x15,0
                 ; 0000 00C8         delay_ms(3);
0000bc d01a      	RCALL SUBOPT_0x0
                 ; 0000 00C9 
                 ; 0000 00CA         PORTB = tabla7SegmentosAnodo[Decimas];
0000bd 2de8      	MOV  R30,R8
0000be d01b      	RCALL SUBOPT_0x1
                 ; 0000 00CB         dp       = 1;
                 ; 0000 00CC         decenas  = 0;
                 ; 0000 00CD         unidades = 0;
0000bf 98aa      	CBI  0x15,2
                 ; 0000 00CE         decimas  = 1;
0000c0 9aa9      	SBI  0x15,1
                 ; 0000 00CF         simbolo  = 0;
0000c1 98a8      	CBI  0x15,0
                 ; 0000 00D0         delay_ms(3);
0000c2 d014      	RCALL SUBOPT_0x0
                 ; 0000 00D1 
                 ; 0000 00D2         PORTB = tabla7SegmentosAnodo[Unidades];
0000c3 2de9      	MOV  R30,R9
0000c4 d015      	RCALL SUBOPT_0x1
                 ; 0000 00D3         dp       = 1;
                 ; 0000 00D4         decenas  = 0;
                 ; 0000 00D5         unidades = 1;
0000c5 9aaa      	SBI  0x15,2
                 ; 0000 00D6         decimas  = 0;
0000c6 98a9      	CBI  0x15,1
                 ; 0000 00D7         simbolo  = 0;
0000c7 98a8      	CBI  0x15,0
                 ; 0000 00D8         delay_ms(3);
0000c8 d00e      	RCALL SUBOPT_0x0
                 ; 0000 00D9 
                 ; 0000 00DA         PORTB = tabla7SegmentosAnodo[Decenas];
0000c9 2de4      	MOV  R30,R4
0000ca e0f0      	LDI  R31,0
0000cb 5de6      	SUBI R30,LOW(-_tabla7SegmentosAnodo*2)
0000cc 4fff      	SBCI R31,HIGH(-_tabla7SegmentosAnodo*2)
0000cd 9004      	LPM  R0,Z
0000ce ba08      	OUT  0x18,R0
                 ; 0000 00DB         dp       = 1;
0000cf 9ac7      	SBI  0x18,7
                 ; 0000 00DC         decenas  = 1;
0000d0 9aab      	SBI  0x15,3
                 ; 0000 00DD         unidades = 0;
0000d1 98aa      	CBI  0x15,2
                 ; 0000 00DE         decimas  = 0;
0000d2 98a9      	CBI  0x15,1
                 ; 0000 00DF         simbolo  = 0;
0000d3 98a8      	CBI  0x15,0
                 ; 0000 00E0         delay_ms(3);
0000d4 d002      	RCALL SUBOPT_0x0
                 ; 0000 00E1       }
0000d5 cf9c      	RJMP _0x6
                 ; 0000 00E2 }
                 _0x34:
0000d6 cfff      	RJMP _0x34
                 ; .FEND
                 
                 	.DSEG
                 _conversion:
0000e0           	.BYTE 0x4
                 
                 	.CSEG
                 ;OPTIMIZER ADDED SUBROUTINE, CALLED 4 TIMES, CODE SIZE REDUCTION:4 WORDS
                 SUBOPT_0x0:
0000d7 e0a3      	LDI  R26,LOW(3)
0000d8 e0b0      	LDI  R27,0
0000d9 c183      	RJMP _delay_ms
                 
                 ;OPTIMIZER ADDED SUBROUTINE, CALLED 2 TIMES, CODE SIZE REDUCTION:4 WORDS
                 SUBOPT_0x1:
0000da e0f0      	LDI  R31,0
0000db 5de6      	SUBI R30,LOW(-_tabla7SegmentosAnodo*2)
0000dc 4fff      	SBCI R31,HIGH(-_tabla7SegmentosAnodo*2)
0000dd 9004      	LPM  R0,Z
0000de ba08      	OUT  0x18,R0
0000df 9ac7      	SBI  0x18,7
0000e0 98ab      	CBI  0x15,3
0000e1 9508      	RET
                 
                 ;RUNTIME LIBRARY
                 
                 	.CSEG
                 __ANEGW1:
0000e2 95f1      	NEG  R31
0000e3 95e1      	NEG  R30
0000e4 40f0      	SBCI R31,0
0000e5 9508      	RET
                 
                 __ANEGD1:
0000e6 95f0      	COM  R31
0000e7 9560      	COM  R22
0000e8 9570      	COM  R23
0000e9 95e1      	NEG  R30
0000ea 4fff      	SBCI R31,-1
0000eb 4f6f      	SBCI R22,-1
0000ec 4f7f      	SBCI R23,-1
0000ed 9508      	RET
                 
                 __CWD1:
0000ee 2f6f      	MOV  R22,R31
0000ef 0f66      	ADD  R22,R22
0000f0 0b66      	SBC  R22,R22
0000f1 2f76      	MOV  R23,R22
0000f2 9508      	RET
                 
                 __DIVW21U:
0000f3 2400      	CLR  R0
0000f4 2411      	CLR  R1
0000f5 e190      	LDI  R25,16
                 __DIVW21U1:
0000f6 0faa      	LSL  R26
0000f7 1fbb      	ROL  R27
0000f8 1c00      	ROL  R0
0000f9 1c11      	ROL  R1
0000fa 1a0e      	SUB  R0,R30
0000fb 0a1f      	SBC  R1,R31
0000fc f418      	BRCC __DIVW21U2
0000fd 0e0e      	ADD  R0,R30
0000fe 1e1f      	ADC  R1,R31
0000ff c001      	RJMP __DIVW21U3
                 __DIVW21U2:
000100 60a1      	SBR  R26,1
                 __DIVW21U3:
000101 959a      	DEC  R25
000102 f799      	BRNE __DIVW21U1
000103 01fd      	MOVW R30,R26
000104 01d0      	MOVW R26,R0
000105 9508      	RET
                 
                 __DIVW21:
000106 d012      	RCALL __CHKSIGNW
000107 dfeb      	RCALL __DIVW21U
000108 f40e      	BRTC __DIVW211
000109 dfd8      	RCALL __ANEGW1
                 __DIVW211:
00010a 9508      	RET
                 
                 __MODW21:
00010b 94e8      	CLT
00010c ffb7      	SBRS R27,7
00010d c004      	RJMP __MODW211
00010e 95b1      	NEG  R27
00010f 95a1      	NEG  R26
000110 40b0      	SBCI R27,0
000111 9468      	SET
                 __MODW211:
000112 fdf7      	SBRC R31,7
000113 dfce      	RCALL __ANEGW1
000114 dfde      	RCALL __DIVW21U
000115 01fd      	MOVW R30,R26
000116 f40e      	BRTC __MODW212
000117 dfca      	RCALL __ANEGW1
                 __MODW212:
000118 9508      	RET
                 
                 __CHKSIGNW:
000119 94e8      	CLT
00011a fff7      	SBRS R31,7
00011b c002      	RJMP __CHKSW1
00011c dfc5      	RCALL __ANEGW1
00011d 9468      	SET
                 __CHKSW1:
00011e ffb7      	SBRS R27,7
00011f c006      	RJMP __CHKSW2
000120 95b1      	NEG  R27
000121 95a1      	NEG  R26
000122 40b0      	SBCI R27,0
000123 f800      	BLD  R0,0
000124 9403      	INC  R0
000125 fa00      	BST  R0,0
                 __CHKSW2:
000126 9508      	RET
                 
                 __ROUND_REPACK:
000127 2355      	TST  R21
000128 f442      	BRPL __REPACK
000129 3850      	CPI  R21,0x80
00012a f411      	BRNE __ROUND_REPACK0
00012b ffe0      	SBRS R30,0
00012c c004      	RJMP __REPACK
                 __ROUND_REPACK0:
00012d 9631      	ADIW R30,1
00012e 1f69      	ADC  R22,R25
00012f 1f79      	ADC  R23,R25
000130 f06b      	BRVS __REPACK1
                 
                 __REPACK:
000131 e850      	LDI  R21,0x80
000132 2757      	EOR  R21,R23
000133 f411      	BRNE __REPACK0
000134 935f      	PUSH R21
000135 c0c8      	RJMP __ZERORES
                 __REPACK0:
000136 3f5f      	CPI  R21,0xFF
000137 f031      	BREQ __REPACK1
000138 0f66      	LSL  R22
000139 0c00      	LSL  R0
00013a 9557      	ROR  R21
00013b 9567      	ROR  R22
00013c 2f75      	MOV  R23,R21
00013d 9508      	RET
                 __REPACK1:
00013e 935f      	PUSH R21
00013f 2000      	TST  R0
000140 f00a      	BRMI __REPACK2
000141 c0c7      	RJMP __MAXRES
                 __REPACK2:
000142 c0c0      	RJMP __MINRES
                 
                 __UNPACK:
000143 e850      	LDI  R21,0x80
000144 2e19      	MOV  R1,R25
000145 2215      	AND  R1,R21
000146 0f88      	LSL  R24
000147 1f99      	ROL  R25
000148 2795      	EOR  R25,R21
000149 0f55      	LSL  R21
00014a 9587      	ROR  R24
                 
                 __UNPACK1:
00014b e850      	LDI  R21,0x80
00014c 2e07      	MOV  R0,R23
00014d 2205      	AND  R0,R21
00014e 0f66      	LSL  R22
00014f 1f77      	ROL  R23
000150 2775      	EOR  R23,R21
000151 0f55      	LSL  R21
000152 9567      	ROR  R22
000153 9508      	RET
                 
                 __CFD1U:
000154 9468      	SET
000155 c001      	RJMP __CFD1U0
                 __CFD1:
000156 94e8      	CLT
                 __CFD1U0:
000157 935f      	PUSH R21
000158 dff2      	RCALL __UNPACK1
000159 3870      	CPI  R23,0x80
00015a f018      	BRLO __CFD10
00015b 3f7f      	CPI  R23,0xFF
00015c f408      	BRCC __CFD10
00015d c0a0      	RJMP __ZERORES
                 __CFD10:
00015e e156      	LDI  R21,22
00015f 1b57      	SUB  R21,R23
000160 f4aa      	BRPL __CFD11
000161 9551      	NEG  R21
000162 3058      	CPI  R21,8
000163 f40e      	BRTC __CFD19
000164 3059      	CPI  R21,9
                 __CFD19:
000165 f030      	BRLO __CFD17
000166 efef      	SER  R30
000167 efff      	SER  R31
000168 ef6f      	SER  R22
000169 e77f      	LDI  R23,0x7F
00016a f977      	BLD  R23,7
00016b c01a      	RJMP __CFD15
                 __CFD17:
00016c 2777      	CLR  R23
00016d 2355      	TST  R21
00016e f0b9      	BREQ __CFD15
                 __CFD18:
00016f 0fee      	LSL  R30
000170 1fff      	ROL  R31
000171 1f66      	ROL  R22
000172 1f77      	ROL  R23
000173 955a      	DEC  R21
000174 f7d1      	BRNE __CFD18
000175 c010      	RJMP __CFD15
                 __CFD11:
000176 2777      	CLR  R23
                 __CFD12:
000177 3058      	CPI  R21,8
000178 f028      	BRLO __CFD13
000179 2fef      	MOV  R30,R31
00017a 2ff6      	MOV  R31,R22
00017b 2f67      	MOV  R22,R23
00017c 5058      	SUBI R21,8
00017d cff9      	RJMP __CFD12
                 __CFD13:
00017e 2355      	TST  R21
00017f f031      	BREQ __CFD15
                 __CFD14:
000180 9576      	LSR  R23
000181 9567      	ROR  R22
000182 95f7      	ROR  R31
000183 95e7      	ROR  R30
000184 955a      	DEC  R21
000185 f7d1      	BRNE __CFD14
                 __CFD15:
000186 2000      	TST  R0
000187 f40a      	BRPL __CFD16
000188 df5d      	RCALL __ANEGD1
                 __CFD16:
000189 915f      	POP  R21
00018a 9508      	RET
                 
                 __CDF1U:
00018b 9468      	SET
00018c c001      	RJMP __CDF1U0
                 __CDF1:
00018d 94e8      	CLT
                 __CDF1U0:
00018e 9730      	SBIW R30,0
00018f 4060      	SBCI R22,0
000190 4070      	SBCI R23,0
000191 f0b1      	BREQ __CDF10
000192 2400      	CLR  R0
000193 f026      	BRTS __CDF11
000194 2377      	TST  R23
000195 f412      	BRPL __CDF11
000196 9400      	COM  R0
000197 df4e      	RCALL __ANEGD1
                 __CDF11:
000198 2e17      	MOV  R1,R23
000199 e17e      	LDI  R23,30
00019a 2011      	TST  R1
                 __CDF12:
00019b f032      	BRMI __CDF13
00019c 957a      	DEC  R23
00019d 0fee      	LSL  R30
00019e 1fff      	ROL  R31
00019f 1f66      	ROL  R22
0001a0 1c11      	ROL  R1
0001a1 cff9      	RJMP __CDF12
                 __CDF13:
0001a2 2fef      	MOV  R30,R31
0001a3 2ff6      	MOV  R31,R22
0001a4 2d61      	MOV  R22,R1
0001a5 935f      	PUSH R21
0001a6 df8a      	RCALL __REPACK
0001a7 915f      	POP  R21
                 __CDF10:
0001a8 9508      	RET
                 
                 __SWAPACC:
0001a9 934f      	PUSH R20
0001aa 01af      	MOVW R20,R30
0001ab 01fd      	MOVW R30,R26
0001ac 01da      	MOVW R26,R20
0001ad 01ab      	MOVW R20,R22
0001ae 01bc      	MOVW R22,R24
0001af 01ca      	MOVW R24,R20
0001b0 2d40      	MOV  R20,R0
0001b1 2c01      	MOV  R0,R1
0001b2 2e14      	MOV  R1,R20
0001b3 914f      	POP  R20
0001b4 9508      	RET
                 
                 __UADD12:
0001b5 0fea      	ADD  R30,R26
0001b6 1ffb      	ADC  R31,R27
0001b7 1f68      	ADC  R22,R24
0001b8 9508      	RET
                 
                 __NEGMAN1:
0001b9 95e0      	COM  R30
0001ba 95f0      	COM  R31
0001bb 9560      	COM  R22
0001bc 5fef      	SUBI R30,-1
0001bd 4fff      	SBCI R31,-1
0001be 4f6f      	SBCI R22,-1
0001bf 9508      	RET
                 
                 __ADDF12:
0001c0 935f      	PUSH R21
0001c1 df81      	RCALL __UNPACK
0001c2 3890      	CPI  R25,0x80
0001c3 f139      	BREQ __ADDF129
                 
                 __ADDF120:
0001c4 3870      	CPI  R23,0x80
0001c5 f121      	BREQ __ADDF128
                 __ADDF121:
0001c6 2f57      	MOV  R21,R23
0001c7 1b59      	SUB  R21,R25
0001c8 f12b      	BRVS __ADDF1211
0001c9 f412      	BRPL __ADDF122
0001ca dfde      	RCALL __SWAPACC
0001cb cffa      	RJMP __ADDF121
                 __ADDF122:
0001cc 3158      	CPI  R21,24
0001cd f018      	BRLO __ADDF123
0001ce 27aa      	CLR  R26
0001cf 27bb      	CLR  R27
0001d0 2788      	CLR  R24
                 __ADDF123:
0001d1 3058      	CPI  R21,8
0001d2 f028      	BRLO __ADDF124
0001d3 2fab      	MOV  R26,R27
0001d4 2fb8      	MOV  R27,R24
0001d5 2788      	CLR  R24
0001d6 5058      	SUBI R21,8
0001d7 cff9      	RJMP __ADDF123
                 __ADDF124:
0001d8 2355      	TST  R21
0001d9 f029      	BREQ __ADDF126
                 __ADDF125:
0001da 9586      	LSR  R24
0001db 95b7      	ROR  R27
0001dc 95a7      	ROR  R26
0001dd 955a      	DEC  R21
0001de f7d9      	BRNE __ADDF125
                 __ADDF126:
0001df 2d50      	MOV  R21,R0
0001e0 2551      	EOR  R21,R1
0001e1 f072      	BRMI __ADDF127
0001e2 dfd2      	RCALL __UADD12
0001e3 f438      	BRCC __ADDF129
0001e4 9567      	ROR  R22
0001e5 95f7      	ROR  R31
0001e6 95e7      	ROR  R30
0001e7 9573      	INC  R23
0001e8 f413      	BRVC __ADDF129
0001e9 c01f      	RJMP __MAXRES
                 __ADDF128:
0001ea dfbe      	RCALL __SWAPACC
                 __ADDF129:
0001eb df45      	RCALL __REPACK
0001ec 915f      	POP  R21
0001ed 9508      	RET
                 __ADDF1211:
0001ee f7d8      	BRCC __ADDF128
0001ef cffb      	RJMP __ADDF129
                 __ADDF127:
0001f0 1bea      	SUB  R30,R26
0001f1 0bfb      	SBC  R31,R27
0001f2 0b68      	SBC  R22,R24
0001f3 f051      	BREQ __ZERORES
0001f4 f410      	BRCC __ADDF1210
0001f5 9400      	COM  R0
0001f6 dfc2      	RCALL __NEGMAN1
                 __ADDF1210:
0001f7 2366      	TST  R22
0001f8 f392      	BRMI __ADDF129
0001f9 0fee      	LSL  R30
0001fa 1fff      	ROL  R31
0001fb 1f66      	ROL  R22
0001fc 957a      	DEC  R23
0001fd f7cb      	BRVC __ADDF1210
                 
                 __ZERORES:
0001fe 27ee      	CLR  R30
0001ff 27ff      	CLR  R31
000200 01bf      	MOVW R22,R30
000201 915f      	POP  R21
000202 9508      	RET
                 
                 __MINRES:
000203 efef      	SER  R30
000204 efff      	SER  R31
000205 e76f      	LDI  R22,0x7F
000206 ef7f      	SER  R23
000207 915f      	POP  R21
000208 9508      	RET
                 
                 __MAXRES:
000209 efef      	SER  R30
00020a efff      	SER  R31
00020b e76f      	LDI  R22,0x7F
00020c e77f      	LDI  R23,0x7F
00020d 915f      	POP  R21
00020e 9508      	RET
                 
                 __MULF12:
00020f 935f      	PUSH R21
000210 df32      	RCALL __UNPACK
000211 3870      	CPI  R23,0x80
000212 f359      	BREQ __ZERORES
000213 3890      	CPI  R25,0x80
000214 f349      	BREQ __ZERORES
000215 2401      	EOR  R0,R1
000216 9408      	SEC
000217 1f79      	ADC  R23,R25
000218 f423      	BRVC __MULF124
000219 f324      	BRLT __ZERORES
                 __MULF125:
00021a 2000      	TST  R0
00021b f33a      	BRMI __MINRES
00021c cfec      	RJMP __MAXRES
                 __MULF124:
00021d 920f      	PUSH R0
00021e 931f      	PUSH R17
00021f 932f      	PUSH R18
000220 933f      	PUSH R19
000221 934f      	PUSH R20
000222 2711      	CLR  R17
000223 2722      	CLR  R18
000224 2799      	CLR  R25
000225 9f68      	MUL  R22,R24
000226 01a0      	MOVW R20,R0
000227 9f8f      	MUL  R24,R31
000228 2d30      	MOV  R19,R0
000229 0d41      	ADD  R20,R1
00022a 1f59      	ADC  R21,R25
00022b 9f6b      	MUL  R22,R27
00022c 0d30      	ADD  R19,R0
00022d 1d41      	ADC  R20,R1
00022e 1f59      	ADC  R21,R25
00022f 9f8e      	MUL  R24,R30
000230 d027      	RCALL __MULF126
000231 9fbf      	MUL  R27,R31
000232 d025      	RCALL __MULF126
000233 9f6a      	MUL  R22,R26
000234 d023      	RCALL __MULF126
000235 9fbe      	MUL  R27,R30
000236 d01d      	RCALL __MULF127
000237 9faf      	MUL  R26,R31
000238 d01b      	RCALL __MULF127
000239 9fae      	MUL  R26,R30
00023a 0d11      	ADD  R17,R1
00023b 1f29      	ADC  R18,R25
00023c 1f39      	ADC  R19,R25
00023d 1f49      	ADC  R20,R25
00023e 1f59      	ADC  R21,R25
00023f 2fe3      	MOV  R30,R19
000240 2ff4      	MOV  R31,R20
000241 2f65      	MOV  R22,R21
000242 2f52      	MOV  R21,R18
000243 914f      	POP  R20
000244 913f      	POP  R19
000245 912f      	POP  R18
000246 911f      	POP  R17
000247 900f      	POP  R0
000248 2366      	TST  R22
000249 f02a      	BRMI __MULF122
00024a 0f55      	LSL  R21
00024b 1fee      	ROL  R30
00024c 1fff      	ROL  R31
00024d 1f66      	ROL  R22
00024e c002      	RJMP __MULF123
                 __MULF122:
00024f 9573      	INC  R23
000250 f24b      	BRVS __MULF125
                 __MULF123:
000251 ded5      	RCALL __ROUND_REPACK
000252 915f      	POP  R21
000253 9508      	RET
                 
                 __MULF127:
000254 0d10      	ADD  R17,R0
000255 1d21      	ADC  R18,R1
000256 1f39      	ADC  R19,R25
000257 c002      	RJMP __MULF128
                 __MULF126:
000258 0d20      	ADD  R18,R0
000259 1d31      	ADC  R19,R1
                 __MULF128:
00025a 1f49      	ADC  R20,R25
00025b 1f59      	ADC  R21,R25
00025c 9508      	RET
                 
                 _delay_ms:
00025d 9610      	adiw r26,0
00025e f039      	breq __delay_ms1
                 __delay_ms0:
00025f 95a8      	wdr
                +
000260 ef8a     +LDI R24 , LOW ( 0xFA )
000261 e090     +LDI R25 , HIGH ( 0xFA )
                +__DELAY_USW_LOOP :
000262 9701     +SBIW R24 , 1
000263 f7f1     +BRNE __DELAY_USW_LOOP
                 	__DELAY_USW 0xFA
000264 9711      	sbiw r26,1
000265 f7c9      	brne __delay_ms0
                 __delay_ms1:
000266 9508      	ret
                 
                 ;END OF CODE MARKER
                 __END_OF_CODE:


RESOURCE USE INFORMATION
------------------------

Notice:
The register and instruction counts are symbol table hit counts,
and hence implicitly used resources are not counted, eg, the
'lpm' instruction without operands implicitly uses r0 and z,
none of which are counted.

x,y,z are separate entities in the symbol table and are
counted separately from r26..r31 here.

.dseg memory usage only counts static data declared with .byte

ATmega8535L register use summary:
r0 :  32 r1 :  19 r2 :   0 r3 :   0 r4 :   2 r5 :   1 r6 :  10 r7 :   1 
r8 :   2 r9 :   2 r10:   0 r11:   2 r12:   0 r13:   0 r14:   0 r15:   0 
r16:   0 r17:   9 r18:   7 r19:   8 r20:  16 r21:  55 r22:  41 r23:  34 
r24:  24 r25:  26 r26:  31 r27:  21 r28:   1 r29:   1 r30: 117 r31:  45 
x  :   2 y  :   2 z  :   2 
Registers used: 27 out of 35 (77.1%)

ATmega8535L instruction use summary:
.lds  :   0 .lds.l:   0 .sts  :   0 .sts.l:   0 adc   :  18 add   :   8 
adiw  :   2 and   :   2 andi  :   0 asr   :   0 bclr  :   0 bld   :   2 
brbc  :   0 brbs  :   0 brcc  :   5 brcs  :   0 break :   0 breq  :  11 
brge  :   1 brhc  :   0 brhs  :   0 brid  :   0 brie  :   0 brlo  :   5 
brlt  :   1 brmi  :   6 brne  :  11 brpl  :   5 brsh  :   0 brtc  :   3 
brts  :   1 brvc  :   3 brvs  :   3 bset  :   0 bst   :   1 cbi   :  11 
cbr   :   0 clc   :   0 clh   :   0 cli   :   1 cln   :   0 clr   :  16 
cls   :   0 clt   :   4 clv   :   0 clz   :   0 com   :   8 cp    :   1 
cpc   :   1 cpi   :  13 cpse  :   0 dec   :   8 des   :   0 eor   :   5 
fmul  :   0 fmuls :   0 fmulsu:   0 icall :   0 ijmp  :   0 in    :   1 
inc   :   3 ld    :   1 ldd   :   0 ldi   :  65 lds   :   0 lpm   :   4 
lsl   :  11 lsr   :   2 mov   :  34 movw  :  20 mul   :   9 muls  :   0 
mulsu :   0 neg   :   8 nop   :   0 or    :   0 ori   :   1 out   :  45 
pop   :  13 push  :  12 rcall :  44 ret   :  23 reti  :   0 rjmp  :  50 
rol   :  16 ror   :  12 sbc   :   4 sbci  :  12 sbi   :   9 sbic  :   0 
sbis  :   2 sbiw  :   4 sbr   :   1 sbrc  :   1 sbrs  :   4 sec   :   1 
seh   :   0 sei   :   0 sen   :   0 ser   :   8 ses   :   0 set   :   4 
sev   :   0 sez   :   0 sleep :   0 spm   :   0 st    :   3 std   :   0 
sts   :   4 sub   :   4 subi  :   5 swap  :   0 tst   :  11 wdr   :   1 

Instructions used: 65 out of 114 (57.0%)

ATmega8535L memory use summary [bytes]:
Segment   Begin    End      Code   Data   Used    Size   Use%
---------------------------------------------------------------
[.cseg] 0x000000 0x0004ce   1220     10   1230    8192  15.0%
[.dseg] 0x000060 0x0000e4      0      4      4     512   0.8%
[.eseg] 0x000000 0x000000      0      0      0     512   0.0%

Assembly complete, 0 errors, 7 warnings
