
AVRASM ver. 2.1.30  C:\Users\acros\Desktop\8Semestre\Microcontroladores\Proyecto2\Debug\List\Bee_Bot.asm Thu Feb 28 20:32:58 2019

C:\Users\acros\Desktop\8Semestre\Microcontroladores\Proyecto2\Debug\List\Bee_Bot.asm(1093): warning: Register r5 already defined by the .DEF directive
C:\Users\acros\Desktop\8Semestre\Microcontroladores\Proyecto2\Debug\List\Bee_Bot.asm(1094): warning: Register r4 already defined by the .DEF directive
C:\Users\acros\Desktop\8Semestre\Microcontroladores\Proyecto2\Debug\List\Bee_Bot.asm(1095): warning: Register r7 already defined by the .DEF directive
C:\Users\acros\Desktop\8Semestre\Microcontroladores\Proyecto2\Debug\List\Bee_Bot.asm(1096): warning: Register r6 already defined by the .DEF directive
C:\Users\acros\Desktop\8Semestre\Microcontroladores\Proyecto2\Debug\List\Bee_Bot.asm(1097): warning: Register r9 already defined by the .DEF directive
C:\Users\acros\Desktop\8Semestre\Microcontroladores\Proyecto2\Debug\List\Bee_Bot.asm(1098): warning: Register r8 already defined by the .DEF directive
                 
                 
                 ;CodeVisionAVR C Compiler V3.34 Evaluation
                 ;(C) Copyright 1998-2018 Pavel Haiduc, HP InfoTech s.r.l.
                 ;http://www.hpinfotech.com
                 
                 ;Build configuration    : Debug
                 ;Chip type              : ATmega8535
                 ;Program type           : Application
                 ;Clock frequency        : 1.000000 MHz
                 ;Memory model           : Small
                 ;Optimize for           : Size
                 ;(s)printf features     : int, width
                 ;(s)scanf features      : int, width
                 ;External RAM size      : 0
                 ;Data Stack size        : 128 byte(s)
                 ;Heap size              : 0 byte(s)
                 ;Promote 'char' to 'int': Yes
                 ;'char' is unsigned     : Yes
                 ;8 bit enums            : Yes
                 ;Global 'const' stored in FLASH: Yes
                 ;Enhanced function parameter passing: Mode 2
                 ;Enhanced core instructions: On
                 ;Automatic register allocation for global variables: On
                 ;Smart register allocation: On
                 
                 	#define _MODEL_SMALL_
                 
                 	#pragma AVRPART ADMIN PART_NAME ATmega8535
                 	#pragma AVRPART MEMORY PROG_FLASH 8192
                 	#pragma AVRPART MEMORY EEPROM 512
                 	#pragma AVRPART MEMORY INT_SRAM SIZE 512
                 	#pragma AVRPART MEMORY INT_SRAM START_ADDR 0x60
                 
                 	.LISTMAC
                 	.EQU UDRE=0x5
                 	.EQU RXC=0x7
                 	.EQU USR=0xB
                 	.EQU UDR=0xC
                 	.EQU SPSR=0xE
                 	.EQU SPDR=0xF
                 	.EQU EERE=0x0
                 	.EQU EEWE=0x1
                 	.EQU EEMWE=0x2
                 	.EQU EECR=0x1C
                 	.EQU EEDR=0x1D
                 	.EQU EEARL=0x1E
                 	.EQU EEARH=0x1F
                 	.EQU WDTCR=0x21
                 	.EQU MCUCR=0x35
                 	.EQU GICR=0x3B
                 	.EQU SPL=0x3D
                 	.EQU SPH=0x3E
                 	.EQU SREG=0x3F
                 
                 	.DEF R0X0=R0
                 	.DEF R0X1=R1
                 	.DEF R0X2=R2
                 	.DEF R0X3=R3
                 	.DEF R0X4=R4
                 	.DEF R0X5=R5
                 	.DEF R0X6=R6
                 	.DEF R0X7=R7
                 	.DEF R0X8=R8
                 	.DEF R0X9=R9
                 	.DEF R0XA=R10
                 	.DEF R0XB=R11
                 	.DEF R0XC=R12
                 	.DEF R0XD=R13
                 	.DEF R0XE=R14
                 	.DEF R0XF=R15
                 	.DEF R0X10=R16
                 	.DEF R0X11=R17
                 	.DEF R0X12=R18
                 	.DEF R0X13=R19
                 	.DEF R0X14=R20
                 	.DEF R0X15=R21
                 	.DEF R0X16=R22
                 	.DEF R0X17=R23
                 	.DEF R0X18=R24
                 	.DEF R0X19=R25
                 	.DEF R0X1A=R26
                 	.DEF R0X1B=R27
                 	.DEF R0X1C=R28
                 	.DEF R0X1D=R29
                 	.DEF R0X1E=R30
                 	.DEF R0X1F=R31
                 
                 	.EQU __SRAM_START=0x0060
                 	.EQU __SRAM_END=0x025F
                 	.EQU __DSTACK_SIZE=0x0080
                 	.EQU __HEAP_SIZE=0x0000
                 	.EQU __CLEAR_SRAM_SIZE=__SRAM_END-__SRAM_START+1
                 
                 	.MACRO __CPD1N
                 	CPI  R30,LOW(@0)
                 	LDI  R26,HIGH(@0)
                 	CPC  R31,R26
                 	LDI  R26,BYTE3(@0)
                 	CPC  R22,R26
                 	LDI  R26,BYTE4(@0)
                 	CPC  R23,R26
                 	.ENDM
                 
                 	.MACRO __CPD2N
                 	CPI  R26,LOW(@0)
                 	LDI  R30,HIGH(@0)
                 	CPC  R27,R30
                 	LDI  R30,BYTE3(@0)
                 	CPC  R24,R30
                 	LDI  R30,BYTE4(@0)
                 	CPC  R25,R30
                 	.ENDM
                 
                 	.MACRO __CPWRR
                 	CP   R@0,R@2
                 	CPC  R@1,R@3
                 	.ENDM
                 
                 	.MACRO __CPWRN
                 	CPI  R@0,LOW(@2)
                 	LDI  R30,HIGH(@2)
                 	CPC  R@1,R30
                 	.ENDM
                 
                 	.MACRO __ADDB1MN
                 	SUBI R30,LOW(-@0-(@1))
                 	.ENDM
                 
                 	.MACRO __ADDB2MN
                 	SUBI R26,LOW(-@0-(@1))
                 	.ENDM
                 
                 	.MACRO __ADDW1MN
                 	SUBI R30,LOW(-@0-(@1))
                 	SBCI R31,HIGH(-@0-(@1))
                 	.ENDM
                 
                 	.MACRO __ADDW2MN
                 	SUBI R26,LOW(-@0-(@1))
                 	SBCI R27,HIGH(-@0-(@1))
                 	.ENDM
                 
                 	.MACRO __ADDW1FN
                 	SUBI R30,LOW(-2*@0-(@1))
                 	SBCI R31,HIGH(-2*@0-(@1))
                 	.ENDM
                 
                 	.MACRO __ADDD1FN
                 	SUBI R30,LOW(-2*@0-(@1))
                 	SBCI R31,HIGH(-2*@0-(@1))
                 	SBCI R22,BYTE3(-2*@0-(@1))
                 	.ENDM
                 
                 	.MACRO __ADDD1N
                 	SUBI R30,LOW(-@0)
                 	SBCI R31,HIGH(-@0)
                 	SBCI R22,BYTE3(-@0)
                 	SBCI R23,BYTE4(-@0)
                 	.ENDM
                 
                 	.MACRO __ADDD2N
                 	SUBI R26,LOW(-@0)
                 	SBCI R27,HIGH(-@0)
                 	SBCI R24,BYTE3(-@0)
                 	SBCI R25,BYTE4(-@0)
                 	.ENDM
                 
                 	.MACRO __SUBD1N
                 	SUBI R30,LOW(@0)
                 	SBCI R31,HIGH(@0)
                 	SBCI R22,BYTE3(@0)
                 	SBCI R23,BYTE4(@0)
                 	.ENDM
                 
                 	.MACRO __SUBD2N
                 	SUBI R26,LOW(@0)
                 	SBCI R27,HIGH(@0)
                 	SBCI R24,BYTE3(@0)
                 	SBCI R25,BYTE4(@0)
                 	.ENDM
                 
                 	.MACRO __ANDBMNN
                 	LDS  R30,@0+(@1)
                 	ANDI R30,LOW(@2)
                 	STS  @0+(@1),R30
                 	.ENDM
                 
                 	.MACRO __ANDWMNN
                 	LDS  R30,@0+(@1)
                 	ANDI R30,LOW(@2)
                 	STS  @0+(@1),R30
                 	LDS  R30,@0+(@1)+1
                 	ANDI R30,HIGH(@2)
                 	STS  @0+(@1)+1,R30
                 	.ENDM
                 
                 	.MACRO __ANDD1N
                 	ANDI R30,LOW(@0)
                 	ANDI R31,HIGH(@0)
                 	ANDI R22,BYTE3(@0)
                 	ANDI R23,BYTE4(@0)
                 	.ENDM
                 
                 	.MACRO __ANDD2N
                 	ANDI R26,LOW(@0)
                 	ANDI R27,HIGH(@0)
                 	ANDI R24,BYTE3(@0)
                 	ANDI R25,BYTE4(@0)
                 	.ENDM
                 
                 	.MACRO __ORBMNN
                 	LDS  R30,@0+(@1)
                 	ORI  R30,LOW(@2)
                 	STS  @0+(@1),R30
                 	.ENDM
                 
                 	.MACRO __ORWMNN
                 	LDS  R30,@0+(@1)
                 	ORI  R30,LOW(@2)
                 	STS  @0+(@1),R30
                 	LDS  R30,@0+(@1)+1
                 	ORI  R30,HIGH(@2)
                 	STS  @0+(@1)+1,R30
                 	.ENDM
                 
                 	.MACRO __ORD1N
                 	ORI  R30,LOW(@0)
                 	ORI  R31,HIGH(@0)
                 	ORI  R22,BYTE3(@0)
                 	ORI  R23,BYTE4(@0)
                 	.ENDM
                 
                 	.MACRO __ORD2N
                 	ORI  R26,LOW(@0)
                 	ORI  R27,HIGH(@0)
                 	ORI  R24,BYTE3(@0)
                 	ORI  R25,BYTE4(@0)
                 	.ENDM
                 
                 	.MACRO __DELAY_USB
                 	LDI  R24,LOW(@0)
                 __DELAY_USB_LOOP:
                 	DEC  R24
                 	BRNE __DELAY_USB_LOOP
                 	.ENDM
                 
                 	.MACRO __DELAY_USW
                 	LDI  R24,LOW(@0)
                 	LDI  R25,HIGH(@0)
                 __DELAY_USW_LOOP:
                 	SBIW R24,1
                 	BRNE __DELAY_USW_LOOP
                 	.ENDM
                 
                 	.MACRO __GETD1S
                 	LDD  R30,Y+@0
                 	LDD  R31,Y+@0+1
                 	LDD  R22,Y+@0+2
                 	LDD  R23,Y+@0+3
                 	.ENDM
                 
                 	.MACRO __GETD2S
                 	LDD  R26,Y+@0
                 	LDD  R27,Y+@0+1
                 	LDD  R24,Y+@0+2
                 	LDD  R25,Y+@0+3
                 	.ENDM
                 
                 	.MACRO __PUTD1S
                 	STD  Y+@0,R30
                 	STD  Y+@0+1,R31
                 	STD  Y+@0+2,R22
                 	STD  Y+@0+3,R23
                 	.ENDM
                 
                 	.MACRO __PUTD2S
                 	STD  Y+@0,R26
                 	STD  Y+@0+1,R27
                 	STD  Y+@0+2,R24
                 	STD  Y+@0+3,R25
                 	.ENDM
                 
                 	.MACRO __PUTDZ2
                 	STD  Z+@0,R26
                 	STD  Z+@0+1,R27
                 	STD  Z+@0+2,R24
                 	STD  Z+@0+3,R25
                 	.ENDM
                 
                 	.MACRO __CLRD1S
                 	STD  Y+@0,R30
                 	STD  Y+@0+1,R30
                 	STD  Y+@0+2,R30
                 	STD  Y+@0+3,R30
                 	.ENDM
                 
                 	.MACRO __POINTB1MN
                 	LDI  R30,LOW(@0+(@1))
                 	.ENDM
                 
                 	.MACRO __POINTW1MN
                 	LDI  R30,LOW(@0+(@1))
                 	LDI  R31,HIGH(@0+(@1))
                 	.ENDM
                 
                 	.MACRO __POINTD1M
                 	LDI  R30,LOW(@0)
                 	LDI  R31,HIGH(@0)
                 	LDI  R22,BYTE3(@0)
                 	LDI  R23,BYTE4(@0)
                 	.ENDM
                 
                 	.MACRO __POINTW1FN
                 	LDI  R30,LOW(2*@0+(@1))
                 	LDI  R31,HIGH(2*@0+(@1))
                 	.ENDM
                 
                 	.MACRO __POINTD1FN
                 	LDI  R30,LOW(2*@0+(@1))
                 	LDI  R31,HIGH(2*@0+(@1))
                 	LDI  R22,BYTE3(2*@0+(@1))
                 	LDI  R23,BYTE4(2*@0+(@1))
                 	.ENDM
                 
                 	.MACRO __POINTB2MN
                 	LDI  R26,LOW(@0+(@1))
                 	.ENDM
                 
                 	.MACRO __POINTW2MN
                 	LDI  R26,LOW(@0+(@1))
                 	LDI  R27,HIGH(@0+(@1))
                 	.ENDM
                 
                 	.MACRO __POINTD2M
                 	LDI  R26,LOW(@0)
                 	LDI  R27,HIGH(@0)
                 	LDI  R24,BYTE3(@0)
                 	LDI  R25,BYTE4(@0)
                 	.ENDM
                 
                 	.MACRO __POINTW2FN
                 	LDI  R26,LOW(2*@0+(@1))
                 	LDI  R27,HIGH(2*@0+(@1))
                 	.ENDM
                 
                 	.MACRO __POINTD2FN
                 	LDI  R26,LOW(2*@0+(@1))
                 	LDI  R27,HIGH(2*@0+(@1))
                 	LDI  R24,BYTE3(2*@0+(@1))
                 	LDI  R25,BYTE4(2*@0+(@1))
                 	.ENDM
                 
                 	.MACRO __POINTBRM
                 	LDI  R@0,LOW(@1)
                 	.ENDM
                 
                 	.MACRO __POINTWRM
                 	LDI  R@0,LOW(@2)
                 	LDI  R@1,HIGH(@2)
                 	.ENDM
                 
                 	.MACRO __POINTBRMN
                 	LDI  R@0,LOW(@1+(@2))
                 	.ENDM
                 
                 	.MACRO __POINTWRMN
                 	LDI  R@0,LOW(@2+(@3))
                 	LDI  R@1,HIGH(@2+(@3))
                 	.ENDM
                 
                 	.MACRO __POINTWRFN
                 	LDI  R@0,LOW(@2*2+(@3))
                 	LDI  R@1,HIGH(@2*2+(@3))
                 	.ENDM
                 
                 	.MACRO __GETD1N
                 	LDI  R30,LOW(@0)
                 	LDI  R31,HIGH(@0)
                 	LDI  R22,BYTE3(@0)
                 	LDI  R23,BYTE4(@0)
                 	.ENDM
                 
                 	.MACRO __GETD2N
                 	LDI  R26,LOW(@0)
                 	LDI  R27,HIGH(@0)
                 	LDI  R24,BYTE3(@0)
                 	LDI  R25,BYTE4(@0)
                 	.ENDM
                 
                 	.MACRO __GETB1MN
                 	LDS  R30,@0+(@1)
                 	.ENDM
                 
                 	.MACRO __GETB1HMN
                 	LDS  R31,@0+(@1)
                 	.ENDM
                 
                 	.MACRO __GETW1MN
                 	LDS  R30,@0+(@1)
                 	LDS  R31,@0+(@1)+1
                 	.ENDM
                 
                 	.MACRO __GETD1MN
                 	LDS  R30,@0+(@1)
                 	LDS  R31,@0+(@1)+1
                 	LDS  R22,@0+(@1)+2
                 	LDS  R23,@0+(@1)+3
                 	.ENDM
                 
                 	.MACRO __GETBRMN
                 	LDS  R@0,@1+(@2)
                 	.ENDM
                 
                 	.MACRO __GETWRMN
                 	LDS  R@0,@2+(@3)
                 	LDS  R@1,@2+(@3)+1
                 	.ENDM
                 
                 	.MACRO __GETWRZ
                 	LDD  R@0,Z+@2
                 	LDD  R@1,Z+@2+1
                 	.ENDM
                 
                 	.MACRO __GETD2Z
                 	LDD  R26,Z+@0
                 	LDD  R27,Z+@0+1
                 	LDD  R24,Z+@0+2
                 	LDD  R25,Z+@0+3
                 	.ENDM
                 
                 	.MACRO __GETB2MN
                 	LDS  R26,@0+(@1)
                 	.ENDM
                 
                 	.MACRO __GETW2MN
                 	LDS  R26,@0+(@1)
                 	LDS  R27,@0+(@1)+1
                 	.ENDM
                 
                 	.MACRO __GETD2MN
                 	LDS  R26,@0+(@1)
                 	LDS  R27,@0+(@1)+1
                 	LDS  R24,@0+(@1)+2
                 	LDS  R25,@0+(@1)+3
                 	.ENDM
                 
                 	.MACRO __PUTB1MN
                 	STS  @0+(@1),R30
                 	.ENDM
                 
                 	.MACRO __PUTW1MN
                 	STS  @0+(@1),R30
                 	STS  @0+(@1)+1,R31
                 	.ENDM
                 
                 	.MACRO __PUTD1MN
                 	STS  @0+(@1),R30
                 	STS  @0+(@1)+1,R31
                 	STS  @0+(@1)+2,R22
                 	STS  @0+(@1)+3,R23
                 	.ENDM
                 
                 	.MACRO __PUTB1EN
                 	LDI  R26,LOW(@0+(@1))
                 	LDI  R27,HIGH(@0+(@1))
                 	RCALL __EEPROMWRB
                 	.ENDM
                 
                 	.MACRO __PUTW1EN
                 	LDI  R26,LOW(@0+(@1))
                 	LDI  R27,HIGH(@0+(@1))
                 	RCALL __EEPROMWRW
                 	.ENDM
                 
                 	.MACRO __PUTD1EN
                 	LDI  R26,LOW(@0+(@1))
                 	LDI  R27,HIGH(@0+(@1))
                 	RCALL __EEPROMWRD
                 	.ENDM
                 
                 	.MACRO __PUTBR0MN
                 	STS  @0+(@1),R0
                 	.ENDM
                 
                 	.MACRO __PUTBMRN
                 	STS  @0+(@1),R@2
                 	.ENDM
                 
                 	.MACRO __PUTWMRN
                 	STS  @0+(@1),R@2
                 	STS  @0+(@1)+1,R@3
                 	.ENDM
                 
                 	.MACRO __PUTBZR
                 	STD  Z+@1,R@0
                 	.ENDM
                 
                 	.MACRO __PUTWZR
                 	STD  Z+@2,R@0
                 	STD  Z+@2+1,R@1
                 	.ENDM
                 
                 	.MACRO __GETW1R
                 	MOV  R30,R@0
                 	MOV  R31,R@1
                 	.ENDM
                 
                 	.MACRO __GETW2R
                 	MOV  R26,R@0
                 	MOV  R27,R@1
                 	.ENDM
                 
                 	.MACRO __GETWRN
                 	LDI  R@0,LOW(@2)
                 	LDI  R@1,HIGH(@2)
                 	.ENDM
                 
                 	.MACRO __PUTW1R
                 	MOV  R@0,R30
                 	MOV  R@1,R31
                 	.ENDM
                 
                 	.MACRO __PUTW2R
                 	MOV  R@0,R26
                 	MOV  R@1,R27
                 	.ENDM
                 
                 	.MACRO __ADDWRN
                 	SUBI R@0,LOW(-@2)
                 	SBCI R@1,HIGH(-@2)
                 	.ENDM
                 
                 	.MACRO __ADDWRR
                 	ADD  R@0,R@2
                 	ADC  R@1,R@3
                 	.ENDM
                 
                 	.MACRO __SUBWRN
                 	SUBI R@0,LOW(@2)
                 	SBCI R@1,HIGH(@2)
                 	.ENDM
                 
                 	.MACRO __SUBWRR
                 	SUB  R@0,R@2
                 	SBC  R@1,R@3
                 	.ENDM
                 
                 	.MACRO __ANDWRN
                 	ANDI R@0,LOW(@2)
                 	ANDI R@1,HIGH(@2)
                 	.ENDM
                 
                 	.MACRO __ANDWRR
                 	AND  R@0,R@2
                 	AND  R@1,R@3
                 	.ENDM
                 
                 	.MACRO __ORWRN
                 	ORI  R@0,LOW(@2)
                 	ORI  R@1,HIGH(@2)
                 	.ENDM
                 
                 	.MACRO __ORWRR
                 	OR   R@0,R@2
                 	OR   R@1,R@3
                 	.ENDM
                 
                 	.MACRO __EORWRR
                 	EOR  R@0,R@2
                 	EOR  R@1,R@3
                 	.ENDM
                 
                 	.MACRO __GETWRS
                 	LDD  R@0,Y+@2
                 	LDD  R@1,Y+@2+1
                 	.ENDM
                 
                 	.MACRO __PUTBSR
                 	STD  Y+@1,R@0
                 	.ENDM
                 
                 	.MACRO __PUTWSR
                 	STD  Y+@2,R@0
                 	STD  Y+@2+1,R@1
                 	.ENDM
                 
                 	.MACRO __MOVEWRR
                 	MOV  R@0,R@2
                 	MOV  R@1,R@3
                 	.ENDM
                 
                 	.MACRO __INWR
                 	IN   R@0,@2
                 	IN   R@1,@2+1
                 	.ENDM
                 
                 	.MACRO __OUTWR
                 	OUT  @2+1,R@1
                 	OUT  @2,R@0
                 	.ENDM
                 
                 	.MACRO __CALL1MN
                 	LDS  R30,@0+(@1)
                 	LDS  R31,@0+(@1)+1
                 	ICALL
                 	.ENDM
                 
                 	.MACRO __CALL1FN
                 	LDI  R30,LOW(2*@0+(@1))
                 	LDI  R31,HIGH(2*@0+(@1))
                 	RCALL __GETW1PF
                 	ICALL
                 	.ENDM
                 
                 	.MACRO __CALL2EN
                 	PUSH R26
                 	PUSH R27
                 	LDI  R26,LOW(@0+(@1))
                 	LDI  R27,HIGH(@0+(@1))
                 	RCALL __EEPROMRDW
                 	POP  R27
                 	POP  R26
                 	ICALL
                 	.ENDM
                 
                 	.MACRO __CALL2EX
                 	SUBI R26,LOW(-@0)
                 	SBCI R27,HIGH(-@0)
                 	RCALL __EEPROMRDD
                 	ICALL
                 	.ENDM
                 
                 	.MACRO __GETW1STACK
                 	IN   R30,SPL
                 	IN   R31,SPH
                 	ADIW R30,@0+1
                 	LD   R0,Z+
                 	LD   R31,Z
                 	MOV  R30,R0
                 	.ENDM
                 
                 	.MACRO __GETD1STACK
                 	IN   R30,SPL
                 	IN   R31,SPH
                 	ADIW R30,@0+1
                 	LD   R0,Z+
                 	LD   R1,Z+
                 	LD   R22,Z
                 	MOVW R30,R0
                 	.ENDM
                 
                 	.MACRO __NBST
                 	BST  R@0,@1
                 	IN   R30,SREG
                 	LDI  R31,0x40
                 	EOR  R30,R31
                 	OUT  SREG,R30
                 	.ENDM
                 
                 
                 	.MACRO __PUTB1SN
                 	LDD  R26,Y+@0
                 	LDD  R27,Y+@0+1
                 	SUBI R26,LOW(-@1)
                 	SBCI R27,HIGH(-@1)
                 	ST   X,R30
                 	.ENDM
                 
                 	.MACRO __PUTW1SN
                 	LDD  R26,Y+@0
                 	LDD  R27,Y+@0+1
                 	SUBI R26,LOW(-@1)
                 	SBCI R27,HIGH(-@1)
                 	ST   X+,R30
                 	ST   X,R31
                 	.ENDM
                 
                 	.MACRO __PUTD1SN
                 	LDD  R26,Y+@0
                 	LDD  R27,Y+@0+1
                 	SUBI R26,LOW(-@1)
                 	SBCI R27,HIGH(-@1)
                 	RCALL __PUTDP1
                 	.ENDM
                 
                 	.MACRO __PUTB1SNS
                 	LDD  R26,Y+@0
                 	LDD  R27,Y+@0+1
                 	ADIW R26,@1
                 	ST   X,R30
                 	.ENDM
                 
                 	.MACRO __PUTW1SNS
                 	LDD  R26,Y+@0
                 	LDD  R27,Y+@0+1
                 	ADIW R26,@1
                 	ST   X+,R30
                 	ST   X,R31
                 	.ENDM
                 
                 	.MACRO __PUTD1SNS
                 	LDD  R26,Y+@0
                 	LDD  R27,Y+@0+1
                 	ADIW R26,@1
                 	RCALL __PUTDP1
                 	.ENDM
                 
                 	.MACRO __PUTB1PMN
                 	LDS  R26,@0
                 	LDS  R27,@0+1
                 	SUBI R26,LOW(-@1)
                 	SBCI R27,HIGH(-@1)
                 	ST   X,R30
                 	.ENDM
                 
                 	.MACRO __PUTW1PMN
                 	LDS  R26,@0
                 	LDS  R27,@0+1
                 	SUBI R26,LOW(-@1)
                 	SBCI R27,HIGH(-@1)
                 	ST   X+,R30
                 	ST   X,R31
                 	.ENDM
                 
                 	.MACRO __PUTD1PMN
                 	LDS  R26,@0
                 	LDS  R27,@0+1
                 	SUBI R26,LOW(-@1)
                 	SBCI R27,HIGH(-@1)
                 	RCALL __PUTDP1
                 	.ENDM
                 
                 	.MACRO __PUTB1PMNS
                 	LDS  R26,@0
                 	LDS  R27,@0+1
                 	ADIW R26,@1
                 	ST   X,R30
                 	.ENDM
                 
                 	.MACRO __PUTW1PMNS
                 	LDS  R26,@0
                 	LDS  R27,@0+1
                 	ADIW R26,@1
                 	ST   X+,R30
                 	ST   X,R31
                 	.ENDM
                 
                 	.MACRO __PUTD1PMNS
                 	LDS  R26,@0
                 	LDS  R27,@0+1
                 	ADIW R26,@1
                 	RCALL __PUTDP1
                 	.ENDM
                 
                 	.MACRO __PUTB1RN
                 	MOVW R26,R@0
                 	SUBI R26,LOW(-@1)
                 	SBCI R27,HIGH(-@1)
                 	ST   X,R30
                 	.ENDM
                 
                 	.MACRO __PUTW1RN
                 	MOVW R26,R@0
                 	SUBI R26,LOW(-@1)
                 	SBCI R27,HIGH(-@1)
                 	ST   X+,R30
                 	ST   X,R31
                 	.ENDM
                 
                 	.MACRO __PUTD1RN
                 	MOVW R26,R@0
                 	SUBI R26,LOW(-@1)
                 	SBCI R27,HIGH(-@1)
                 	RCALL __PUTDP1
                 	.ENDM
                 
                 	.MACRO __PUTB1RNS
                 	MOVW R26,R@0
                 	ADIW R26,@1
                 	ST   X,R30
                 	.ENDM
                 
                 	.MACRO __PUTW1RNS
                 	MOVW R26,R@0
                 	ADIW R26,@1
                 	ST   X+,R30
                 	ST   X,R31
                 	.ENDM
                 
                 	.MACRO __PUTD1RNS
                 	MOVW R26,R@0
                 	ADIW R26,@1
                 	RCALL __PUTDP1
                 	.ENDM
                 
                 	.MACRO __PUTB1RON
                 	MOV  R26,R@0
                 	MOV  R27,R@1
                 	SUBI R26,LOW(-@2)
                 	SBCI R27,HIGH(-@2)
                 	ST   X,R30
                 	.ENDM
                 
                 	.MACRO __PUTW1RON
                 	MOV  R26,R@0
                 	MOV  R27,R@1
                 	SUBI R26,LOW(-@2)
                 	SBCI R27,HIGH(-@2)
                 	ST   X+,R30
                 	ST   X,R31
                 	.ENDM
                 
                 	.MACRO __PUTD1RON
                 	MOV  R26,R@0
                 	MOV  R27,R@1
                 	SUBI R26,LOW(-@2)
                 	SBCI R27,HIGH(-@2)
                 	RCALL __PUTDP1
                 	.ENDM
                 
                 	.MACRO __PUTB1RONS
                 	MOV  R26,R@0
                 	MOV  R27,R@1
                 	ADIW R26,@2
                 	ST   X,R30
                 	.ENDM
                 
                 	.MACRO __PUTW1RONS
                 	MOV  R26,R@0
                 	MOV  R27,R@1
                 	ADIW R26,@2
                 	ST   X+,R30
                 	ST   X,R31
                 	.ENDM
                 
                 	.MACRO __PUTD1RONS
                 	MOV  R26,R@0
                 	MOV  R27,R@1
                 	ADIW R26,@2
                 	RCALL __PUTDP1
                 	.ENDM
                 
                 
                 	.MACRO __GETB1SX
                 	MOVW R30,R28
                 	SUBI R30,LOW(-@0)
                 	SBCI R31,HIGH(-@0)
                 	LD   R30,Z
                 	.ENDM
                 
                 	.MACRO __GETB1HSX
                 	MOVW R30,R28
                 	SUBI R30,LOW(-@0)
                 	SBCI R31,HIGH(-@0)
                 	LD   R31,Z
                 	.ENDM
                 
                 	.MACRO __GETW1SX
                 	MOVW R30,R28
                 	SUBI R30,LOW(-@0)
                 	SBCI R31,HIGH(-@0)
                 	LD   R0,Z+
                 	LD   R31,Z
                 	MOV  R30,R0
                 	.ENDM
                 
                 	.MACRO __GETD1SX
                 	MOVW R30,R28
                 	SUBI R30,LOW(-@0)
                 	SBCI R31,HIGH(-@0)
                 	LD   R0,Z+
                 	LD   R1,Z+
                 	LD   R22,Z+
                 	LD   R23,Z
                 	MOVW R30,R0
                 	.ENDM
                 
                 	.MACRO __GETB2SX
                 	MOVW R26,R28
                 	SUBI R26,LOW(-@0)
                 	SBCI R27,HIGH(-@0)
                 	LD   R26,X
                 	.ENDM
                 
                 	.MACRO __GETW2SX
                 	MOVW R26,R28
                 	SUBI R26,LOW(-@0)
                 	SBCI R27,HIGH(-@0)
                 	LD   R0,X+
                 	LD   R27,X
                 	MOV  R26,R0
                 	.ENDM
                 
                 	.MACRO __GETD2SX
                 	MOVW R26,R28
                 	SUBI R26,LOW(-@0)
                 	SBCI R27,HIGH(-@0)
                 	LD   R0,X+
                 	LD   R1,X+
                 	LD   R24,X+
                 	LD   R25,X
                 	MOVW R26,R0
                 	.ENDM
                 
                 	.MACRO __GETBRSX
                 	MOVW R30,R28
                 	SUBI R30,LOW(-@1)
                 	SBCI R31,HIGH(-@1)
                 	LD   R@0,Z
                 	.ENDM
                 
                 	.MACRO __GETWRSX
                 	MOVW R30,R28
                 	SUBI R30,LOW(-@2)
                 	SBCI R31,HIGH(-@2)
                 	LD   R@0,Z+
                 	LD   R@1,Z
                 	.ENDM
                 
                 	.MACRO __GETBRSX2
                 	MOVW R26,R28
                 	SUBI R26,LOW(-@1)
                 	SBCI R27,HIGH(-@1)
                 	LD   R@0,X
                 	.ENDM
                 
                 	.MACRO __GETWRSX2
                 	MOVW R26,R28
                 	SUBI R26,LOW(-@2)
                 	SBCI R27,HIGH(-@2)
                 	LD   R@0,X+
                 	LD   R@1,X
                 	.ENDM
                 
                 	.MACRO __LSLW8SX
                 	MOVW R30,R28
                 	SUBI R30,LOW(-@0)
                 	SBCI R31,HIGH(-@0)
                 	LD   R31,Z
                 	CLR  R30
                 	.ENDM
                 
                 	.MACRO __PUTB1SX
                 	MOVW R26,R28
                 	SUBI R26,LOW(-@0)
                 	SBCI R27,HIGH(-@0)
                 	ST   X,R30
                 	.ENDM
                 
                 	.MACRO __PUTW1SX
                 	MOVW R26,R28
                 	SUBI R26,LOW(-@0)
                 	SBCI R27,HIGH(-@0)
                 	ST   X+,R30
                 	ST   X,R31
                 	.ENDM
                 
                 	.MACRO __PUTD1SX
                 	MOVW R26,R28
                 	SUBI R26,LOW(-@0)
                 	SBCI R27,HIGH(-@0)
                 	ST   X+,R30
                 	ST   X+,R31
                 	ST   X+,R22
                 	ST   X,R23
                 	.ENDM
                 
                 	.MACRO __CLRW1SX
                 	MOVW R26,R28
                 	SUBI R26,LOW(-@0)
                 	SBCI R27,HIGH(-@0)
                 	ST   X+,R30
                 	ST   X,R30
                 	.ENDM
                 
                 	.MACRO __CLRD1SX
                 	MOVW R26,R28
                 	SUBI R26,LOW(-@0)
                 	SBCI R27,HIGH(-@0)
                 	ST   X+,R30
                 	ST   X+,R30
                 	ST   X+,R30
                 	ST   X,R30
                 	.ENDM
                 
                 	.MACRO __PUTB2SX
                 	MOVW R30,R28
                 	SUBI R30,LOW(-@0)
                 	SBCI R31,HIGH(-@0)
                 	ST   Z,R26
                 	.ENDM
                 
                 	.MACRO __PUTW2SX
                 	MOVW R30,R28
                 	SUBI R30,LOW(-@0)
                 	SBCI R31,HIGH(-@0)
                 	ST   Z+,R26
                 	ST   Z,R27
                 	.ENDM
                 
                 	.MACRO __PUTD2SX
                 	MOVW R30,R28
                 	SUBI R30,LOW(-@0)
                 	SBCI R31,HIGH(-@0)
                 	ST   Z+,R26
                 	ST   Z+,R27
                 	ST   Z+,R24
                 	ST   Z,R25
                 	.ENDM
                 
                 	.MACRO __PUTBSRX
                 	MOVW R30,R28
                 	SUBI R30,LOW(-@1)
                 	SBCI R31,HIGH(-@1)
                 	ST   Z,R@0
                 	.ENDM
                 
                 	.MACRO __PUTWSRX
                 	MOVW R30,R28
                 	SUBI R30,LOW(-@2)
                 	SBCI R31,HIGH(-@2)
                 	ST   Z+,R@0
                 	ST   Z,R@1
                 	.ENDM
                 
                 	.MACRO __PUTB1SNX
                 	MOVW R26,R28
                 	SUBI R26,LOW(-@0)
                 	SBCI R27,HIGH(-@0)
                 	LD   R0,X+
                 	LD   R27,X
                 	MOV  R26,R0
                 	SUBI R26,LOW(-@1)
                 	SBCI R27,HIGH(-@1)
                 	ST   X,R30
                 	.ENDM
                 
                 	.MACRO __PUTW1SNX
                 	MOVW R26,R28
                 	SUBI R26,LOW(-@0)
                 	SBCI R27,HIGH(-@0)
                 	LD   R0,X+
                 	LD   R27,X
                 	MOV  R26,R0
                 	SUBI R26,LOW(-@1)
                 	SBCI R27,HIGH(-@1)
                 	ST   X+,R30
                 	ST   X,R31
                 	.ENDM
                 
                 	.MACRO __PUTD1SNX
                 	MOVW R26,R28
                 	SUBI R26,LOW(-@0)
                 	SBCI R27,HIGH(-@0)
                 	LD   R0,X+
                 	LD   R27,X
                 	MOV  R26,R0
                 	SUBI R26,LOW(-@1)
                 	SBCI R27,HIGH(-@1)
                 	ST   X+,R30
                 	ST   X+,R31
                 	ST   X+,R22
                 	ST   X,R23
                 	.ENDM
                 
                 	.MACRO __MULBRR
                 	MULS R@0,R@1
                 	MOVW R30,R0
                 	.ENDM
                 
                 	.MACRO __MULBRRU
                 	MUL  R@0,R@1
                 	MOVW R30,R0
                 	.ENDM
                 
                 	.MACRO __MULBRR0
                 	MULS R@0,R@1
                 	.ENDM
                 
                 	.MACRO __MULBRRU0
                 	MUL  R@0,R@1
                 	.ENDM
                 
                 	.MACRO __MULBNWRU
                 	LDI  R26,@2
                 	MUL  R26,R@0
                 	MOVW R30,R0
                 	MUL  R26,R@1
                 	ADD  R31,R0
                 	.ENDM
                 
                 ;NAME DEFINITIONS FOR GLOBAL VARIABLES ALLOCATED TO REGISTERS
                 	.DEF _counter=R5
                 	.DEF _playCounter=R4
                 	.DEF _var=R7
                 	.DEF _previousValue=R6
                 	.DEF _aux=R9
                 	.DEF _nothing=R8
                 
                 	.CSEG
                 	.ORG 0x00
                 
                 ;START OF CODE MARKER
                 __START_OF_CODE:
                 
                 ;INTERRUPT VECTORS
000000 c014      	RJMP __RESET
000001 cffe      	RJMP 0x00
000002 cffd      	RJMP 0x00
000003 cffc      	RJMP 0x00
000004 cffb      	RJMP 0x00
000005 cffa      	RJMP 0x00
000006 cff9      	RJMP 0x00
000007 cff8      	RJMP 0x00
000008 cff7      	RJMP 0x00
000009 cff6      	RJMP 0x00
00000a cff5      	RJMP 0x00
00000b cff4      	RJMP 0x00
00000c cff3      	RJMP 0x00
00000d cff2      	RJMP 0x00
00000e cff1      	RJMP 0x00
00000f cff0      	RJMP 0x00
000010 cfef      	RJMP 0x00
000011 cfee      	RJMP 0x00
000012 cfed      	RJMP 0x00
000013 cfec      	RJMP 0x00
000014 cfeb      	RJMP 0x00
                 
                 __RESET:
000015 94f8      	CLI
000016 27ee      	CLR  R30
000017 bbec      	OUT  EECR,R30
                 
                 ;INTERRUPT VECTORS ARE PLACED
                 ;AT THE START OF FLASH
000018 e0f1      	LDI  R31,1
000019 bffb      	OUT  GICR,R31
00001a bfeb      	OUT  GICR,R30
00001b bfe5      	OUT  MCUCR,R30
                 
                 ;CLEAR R2-R14
00001c e08d      	LDI  R24,(14-2)+1
00001d e0a2      	LDI  R26,2
00001e 27bb      	CLR  R27
                 __CLEAR_REG:
00001f 93ed      	ST   X+,R30
000020 958a      	DEC  R24
000021 f7e9      	BRNE __CLEAR_REG
                 
                 ;CLEAR SRAM
000022 e080      	LDI  R24,LOW(__CLEAR_SRAM_SIZE)
000023 e092      	LDI  R25,HIGH(__CLEAR_SRAM_SIZE)
000024 e6a0      	LDI  R26,__SRAM_START
                 __CLEAR_SRAM:
000025 93ed      	ST   X+,R30
000026 9701      	SBIW R24,1
000027 f7e9      	BRNE __CLEAR_SRAM
                 
                 ;HARDWARE STACK POINTER INITIALIZATION
000028 e5ef      	LDI  R30,LOW(__SRAM_END-__HEAP_SIZE)
000029 bfed      	OUT  SPL,R30
00002a e0e2      	LDI  R30,HIGH(__SRAM_END-__HEAP_SIZE)
00002b bfee      	OUT  SPH,R30
                 
                 ;DATA STACK POINTER INITIALIZATION
00002c eec0      	LDI  R28,LOW(__SRAM_START+__DSTACK_SIZE)
00002d e0d0      	LDI  R29,HIGH(__SRAM_START+__DSTACK_SIZE)
                 
00002e c01d      	RJMP _main
                 
                 	.ESEG
                 	.ORG 0x00
                 
                 	.DSEG
                 	.ORG 0xE0
                 
                 	.CSEG
                 ;/*******************************************************
                 ;This program was created by the CodeWizardAVR V3.34
                 ;Automatic Program Generator
                 ;© Copyright 1998-2018 Pavel Haiduc, HP InfoTech s.r.l.
                 ;http://www.hpinfotech.com
                 ;
                 ;Project :
                 ;Version :
                 ;Date    : 28/02/2019
                 ;Author  :
                 ;Company :
                 ;Comments:
                 ;
                 ;
                 ;Chip type               : ATmega8535
                 ;Program type            : Application
                 ;AVR Core Clock frequency: 1.000000 MHz
                 ;Memory model            : Small
                 ;External RAM size       : 0
                 ;Data Stack size         : 128
                 ;*******************************************************/
                 ;
                 ;#include <mega8535.h>
                 	#ifndef __SLEEP_DEFINED__
                 	#define __SLEEP_DEFINED__
                 	.EQU __se_bit=0x40
                 	.EQU __sm_mask=0xB0
                 	.EQU __sm_powerdown=0x20
                 	.EQU __sm_powersave=0x30
                 	.EQU __sm_standby=0xA0
                 	.EQU __sm_ext_standby=0xB0
                 	.EQU __sm_adc_noise_red=0x10
                 	.SET power_ctrl_reg=mcucr
                 	#endif
                 ;#include <delay.h>
                 ;
                 ;const unsigned char TOTAL  = 10;
                 ;
                 ;const unsigned char AHEAD  =  1;
                 ;const unsigned char BEHIND =  2;
                 ;const unsigned char LEFT   =  4;
                 ;const unsigned char RIGHT  =  8;
                 ;const unsigned char GO     = 16;
                 ;const unsigned char PAUSE  = 32;
                 ;const unsigned char CLEAR  = 64;
                 ;
                 ;unsigned char movements[TOTAL];
                 ;char counter, playCounter;
                 ;unsigned char var, previousValue, aux, nothing;
                 ;
                 ;unsigned char getMovement(unsigned char value)
                 ; 0000 0029 {
                 
                 	.CSEG
                 _getMovement:
                 ; .FSTART _getMovement
                 ; 0000 002A     switch (value)
00002f 931a      	ST   -Y,R17
000030 2f1a      	MOV  R17,R26
                 ;	value -> R17
000031 2fe1      	MOV  R30,R17
000032 e0f0      	LDI  R31,0
                 ; 0000 002B            {
                 ; 0000 002C            case AHEAD:
000033 30e1      	CPI  R30,LOW(0x1)
000034 e0a0      	LDI  R26,HIGH(0x1)
000035 07fa      	CPC  R31,R26
000036 f411      	BRNE _0x6
                 ; 0000 002D             return 0x3;
000037 e0e3      	LDI  R30,LOW(3)
000038 c011      	RJMP _0x2000001
                 ; 0000 002E            case BEHIND:
                 _0x6:
000039 30e2      	CPI  R30,LOW(0x2)
00003a e0a0      	LDI  R26,HIGH(0x2)
00003b 07fa      	CPC  R31,R26
00003c f411      	BRNE _0x7
                 ; 0000 002F             return 0xc;
00003d e0ec      	LDI  R30,LOW(12)
00003e c00b      	RJMP _0x2000001
                 ; 0000 0030            case LEFT:
                 _0x7:
00003f 30e4      	CPI  R30,LOW(0x4)
000040 e0a0      	LDI  R26,HIGH(0x4)
000041 07fa      	CPC  R31,R26
000042 f411      	BRNE _0x8
                 ; 0000 0031             return 0x2;
000043 e0e2      	LDI  R30,LOW(2)
000044 c005      	RJMP _0x2000001
                 ; 0000 0032            case RIGHT:
                 _0x8:
000045 30e8      	CPI  R30,LOW(0x8)
000046 e0a0      	LDI  R26,HIGH(0x8)
000047 07fa      	CPC  R31,R26
000048 f409      	BRNE _0x5
                 ; 0000 0033             return 0x1;
000049 e0e1      	LDI  R30,LOW(1)
                 ; 0000 0034            }
                 _0x5:
                 ; 0000 0035 }
                 _0x2000001:
00004a 9119      	LD   R17,Y+
00004b 9508      	RET
                 ; .FEND
                 ;
                 ;
                 ;
                 ;
                 ;
                 ;void main(void)
                 ; 0000 003C {
                 _main:
                 ; .FSTART _main
                 ; 0000 003D // Declare your local variables here
                 ; 0000 003E 
                 ; 0000 003F // Input/Output Ports initialization
                 ; 0000 0040 // Port A initialization
                 ; 0000 0041 // Function: Bit7=In Bit6=In Bit5=In Bit4=In Bit3=In Bit2=In Bit1=In Bit0=In
                 ; 0000 0042 DDRA=(0<<DDA7) | (0<<DDA6) | (0<<DDA5) | (0<<DDA4) | (0<<DDA3) | (0<<DDA2) | (0<<DDA1) | (0<<DDA0);
00004c e0e0      	LDI  R30,LOW(0)
00004d bbea      	OUT  0x1A,R30
                 ; 0000 0043 // State: Bit7=T Bit6=T Bit5=T Bit4=T Bit3=T Bit2=T Bit1=T Bit0=T
                 ; 0000 0044 PORTA=(0<<PORTA7) | (0<<PORTA6) | (0<<PORTA5) | (0<<PORTA4) | (0<<PORTA3) | (0<<PORTA2) | (0<<PORTA1) | (0<<PORTA0);
00004e bbeb      	OUT  0x1B,R30
                 ; 0000 0045 
                 ; 0000 0046 // Port B initialization
                 ; 0000 0047 // Function: Bit7=In Bit6=In Bit5=In Bit4=In Bit3=In Bit2=In Bit1=In Bit0=In
                 ; 0000 0048 DDRB=(0<<DDB7) | (0<<DDB6) | (0<<DDB5) | (0<<DDB4) | (0<<DDB3) | (0<<DDB2) | (0<<DDB1) | (0<<DDB0);
00004f bbe7      	OUT  0x17,R30
                 ; 0000 0049 // State: Bit7=P Bit6=P Bit5=P Bit4=P Bit3=P Bit2=P Bit1=P Bit0=P
                 ; 0000 004A PORTB=(1<<PORTB7) | (1<<PORTB6) | (1<<PORTB5) | (1<<PORTB4) | (1<<PORTB3) | (1<<PORTB2) | (1<<PORTB1) | (1<<PORTB0);
000050 efef      	LDI  R30,LOW(255)
000051 bbe8      	OUT  0x18,R30
                 ; 0000 004B 
                 ; 0000 004C // Port C initialization
                 ; 0000 004D // Function: Bit7=In Bit6=In Bit5=In Bit4=In Bit3=In Bit2=In Bit1=In Bit0=In
                 ; 0000 004E DDRC=(0<<DDC7) | (0<<DDC6) | (0<<DDC5) | (0<<DDC4) | (0<<DDC3) | (0<<DDC2) | (0<<DDC1) | (0<<DDC0);
000052 e0e0      	LDI  R30,LOW(0)
000053 bbe4      	OUT  0x14,R30
                 ; 0000 004F // State: Bit7=T Bit6=T Bit5=T Bit4=T Bit3=T Bit2=T Bit1=T Bit0=T
                 ; 0000 0050 PORTC=(0<<PORTC7) | (0<<PORTC6) | (0<<PORTC5) | (0<<PORTC4) | (0<<PORTC3) | (0<<PORTC2) | (0<<PORTC1) | (0<<PORTC0);
000054 bbe5      	OUT  0x15,R30
                 ; 0000 0051 
                 ; 0000 0052 // Port D initialization
                 ; 0000 0053 // Function: Bit7=Out Bit6=Out Bit5=Out Bit4=Out Bit3=Out Bit2=Out Bit1=Out Bit0=Out
                 ; 0000 0054 DDRD=(1<<DDD7) | (1<<DDD6) | (1<<DDD5) | (1<<DDD4) | (1<<DDD3) | (1<<DDD2) | (1<<DDD1) | (1<<DDD0);
000055 efef      	LDI  R30,LOW(255)
000056 bbe1      	OUT  0x11,R30
                 ; 0000 0055 // State: Bit7=0 Bit6=0 Bit5=0 Bit4=0 Bit3=0 Bit2=0 Bit1=0 Bit0=0
                 ; 0000 0056 PORTD=(0<<PORTD7) | (0<<PORTD6) | (0<<PORTD5) | (0<<PORTD4) | (0<<PORTD3) | (0<<PORTD2) | (0<<PORTD1) | (0<<PORTD0);
000057 e0e0      	LDI  R30,LOW(0)
000058 bbe2      	OUT  0x12,R30
                 ; 0000 0057 
                 ; 0000 0058 // Timer/Counter 0 initialization
                 ; 0000 0059 // Clock source: System Clock
                 ; 0000 005A // Clock value: Timer 0 Stopped
                 ; 0000 005B // Mode: Normal top=0xFF
                 ; 0000 005C // OC0 output: Disconnected
                 ; 0000 005D TCCR0=(0<<WGM00) | (0<<COM01) | (0<<COM00) | (0<<WGM01) | (0<<CS02) | (0<<CS01) | (0<<CS00);
000059 bfe3      	OUT  0x33,R30
                 ; 0000 005E TCNT0=0x00;
00005a bfe2      	OUT  0x32,R30
                 ; 0000 005F OCR0=0x00;
00005b bfec      	OUT  0x3C,R30
                 ; 0000 0060 
                 ; 0000 0061 // Timer/Counter 1 initialization
                 ; 0000 0062 // Clock source: System Clock
                 ; 0000 0063 // Clock value: Timer1 Stopped
                 ; 0000 0064 // Mode: Normal top=0xFFFF
                 ; 0000 0065 // OC1A output: Disconnected
                 ; 0000 0066 // OC1B output: Disconnected
                 ; 0000 0067 // Noise Canceler: Off
                 ; 0000 0068 // Input Capture on Falling Edge
                 ; 0000 0069 // Timer1 Overflow Interrupt: Off
                 ; 0000 006A // Input Capture Interrupt: Off
                 ; 0000 006B // Compare A Match Interrupt: Off
                 ; 0000 006C // Compare B Match Interrupt: Off
                 ; 0000 006D TCCR1A=(0<<COM1A1) | (0<<COM1A0) | (0<<COM1B1) | (0<<COM1B0) | (0<<WGM11) | (0<<WGM10);
00005c bdef      	OUT  0x2F,R30
                 ; 0000 006E TCCR1B=(0<<ICNC1) | (0<<ICES1) | (0<<WGM13) | (0<<WGM12) | (0<<CS12) | (0<<CS11) | (0<<CS10);
00005d bdee      	OUT  0x2E,R30
                 ; 0000 006F TCNT1H=0x00;
00005e bded      	OUT  0x2D,R30
                 ; 0000 0070 TCNT1L=0x00;
00005f bdec      	OUT  0x2C,R30
                 ; 0000 0071 ICR1H=0x00;
000060 bde7      	OUT  0x27,R30
                 ; 0000 0072 ICR1L=0x00;
000061 bde6      	OUT  0x26,R30
                 ; 0000 0073 OCR1AH=0x00;
000062 bdeb      	OUT  0x2B,R30
                 ; 0000 0074 OCR1AL=0x00;
000063 bdea      	OUT  0x2A,R30
                 ; 0000 0075 OCR1BH=0x00;
000064 bde9      	OUT  0x29,R30
                 ; 0000 0076 OCR1BL=0x00;
000065 bde8      	OUT  0x28,R30
                 ; 0000 0077 
                 ; 0000 0078 // Timer/Counter 2 initialization
                 ; 0000 0079 // Clock source: System Clock
                 ; 0000 007A // Clock value: Timer2 Stopped
                 ; 0000 007B // Mode: Normal top=0xFF
                 ; 0000 007C // OC2 output: Disconnected
                 ; 0000 007D ASSR=0<<AS2;
000066 bde2      	OUT  0x22,R30
                 ; 0000 007E TCCR2=(0<<WGM20) | (0<<COM21) | (0<<COM20) | (0<<WGM21) | (0<<CS22) | (0<<CS21) | (0<<CS20);
000067 bde5      	OUT  0x25,R30
                 ; 0000 007F TCNT2=0x00;
000068 bde4      	OUT  0x24,R30
                 ; 0000 0080 OCR2=0x00;
000069 bde3      	OUT  0x23,R30
                 ; 0000 0081 
                 ; 0000 0082 // Timer(s)/Counter(s) Interrupt(s) initialization
                 ; 0000 0083 TIMSK=(0<<OCIE2) | (0<<TOIE2) | (0<<TICIE1) | (0<<OCIE1A) | (0<<OCIE1B) | (0<<TOIE1) | (0<<OCIE0) | (0<<TOIE0);
00006a bfe9      	OUT  0x39,R30
                 ; 0000 0084 
                 ; 0000 0085 // External Interrupt(s) initialization
                 ; 0000 0086 // INT0: Off
                 ; 0000 0087 // INT1: Off
                 ; 0000 0088 // INT2: Off
                 ; 0000 0089 MCUCR=(0<<ISC11) | (0<<ISC10) | (0<<ISC01) | (0<<ISC00);
00006b bfe5      	OUT  0x35,R30
                 ; 0000 008A MCUCSR=(0<<ISC2);
00006c bfe4      	OUT  0x34,R30
                 ; 0000 008B 
                 ; 0000 008C // USART initialization
                 ; 0000 008D // USART disabled
                 ; 0000 008E UCSRB=(0<<RXCIE) | (0<<TXCIE) | (0<<UDRIE) | (0<<RXEN) | (0<<TXEN) | (0<<UCSZ2) | (0<<RXB8) | (0<<TXB8);
00006d b9ea      	OUT  0xA,R30
                 ; 0000 008F 
                 ; 0000 0090 // Analog Comparator initialization
                 ; 0000 0091 // Analog Comparator: Off
                 ; 0000 0092 // The Analog Comparator's positive input is
                 ; 0000 0093 // connected to the AIN0 pin
                 ; 0000 0094 // The Analog Comparator's negative input is
                 ; 0000 0095 // connected to the AIN1 pin
                 ; 0000 0096 ACSR=(1<<ACD) | (0<<ACBG) | (0<<ACO) | (0<<ACI) | (0<<ACIE) | (0<<ACIC) | (0<<ACIS1) | (0<<ACIS0);
00006e e8e0      	LDI  R30,LOW(128)
00006f b9e8      	OUT  0x8,R30
                 ; 0000 0097 SFIOR=(0<<ACME);
000070 e0e0      	LDI  R30,LOW(0)
000071 bfe0      	OUT  0x30,R30
                 ; 0000 0098 
                 ; 0000 0099 // ADC initialization
                 ; 0000 009A // ADC disabled
                 ; 0000 009B ADCSRA=(0<<ADEN) | (0<<ADSC) | (0<<ADATE) | (0<<ADIF) | (0<<ADIE) | (0<<ADPS2) | (0<<ADPS1) | (0<<ADPS0);
000072 b9e6      	OUT  0x6,R30
                 ; 0000 009C 
                 ; 0000 009D // SPI initialization
                 ; 0000 009E // SPI disabled
                 ; 0000 009F SPCR=(0<<SPIE) | (0<<SPE) | (0<<DORD) | (0<<MSTR) | (0<<CPOL) | (0<<CPHA) | (0<<SPR1) | (0<<SPR0);
000073 b9ed      	OUT  0xD,R30
                 ; 0000 00A0 
                 ; 0000 00A1 // TWI initialization
                 ; 0000 00A2 // TWI disabled
                 ; 0000 00A3 TWCR=(0<<TWEA) | (0<<TWSTA) | (0<<TWSTO) | (0<<TWEN) | (0<<TWIE);
000074 bfe6      	OUT  0x36,R30
                 ; 0000 00A4 
                 ; 0000 00A5 
                 ; 0000 00A6 counter = 0;
000075 2455      	CLR  R5
                 ; 0000 00A7 playCounter = 0;
000076 2444      	CLR  R4
                 ; 0000 00A8 previousValue = CLEAR;
000077 e4e0      	LDI  R30,LOW(64)
000078 2e6e      	MOV  R6,R30
                 ; 0000 00A9 
                 ; 0000 00AA while (1)
                 _0xA:
                 ; 0000 00AB       {
                 ; 0000 00AC         var = PINB ^ 0xff;
000079 b3e6      	IN   R30,0x16
00007a efaf      	LDI  R26,LOW(255)
00007b 27ea      	EOR  R30,R26
00007c 2e7e      	MOV  R7,R30
                 ; 0000 00AD         nothing = 1;
00007d e0e1      	LDI  R30,LOW(1)
00007e 2e8e      	MOV  R8,R30
                 ; 0000 00AE 
                 ; 0000 00AF         if(var == CLEAR)
00007f e4e0      	LDI  R30,LOW(64)
000080 15e7      	CP   R30,R7
000081 f419      	BRNE _0xD
                 ; 0000 00B0         {
                 ; 0000 00B1             playCounter = 0;
000082 2444      	CLR  R4
                 ; 0000 00B2             counter = 0;
000083 2455      	CLR  R5
                 ; 0000 00B3             previousValue = CLEAR;
000084 c00a      	RJMP _0x25
                 ; 0000 00B4         }
                 ; 0000 00B5         else if(var == PAUSE || previousValue == PAUSE)
                 _0xD:
000085 e2e0      	LDI  R30,LOW(32)
000086 15e7      	CP   R30,R7
000087 f011      	BREQ _0x10
000088 15e6      	CP   R30,R6
000089 f439      	BRNE _0xF
                 _0x10:
                 ; 0000 00B6         {
                 ; 0000 00B7             if(counter > 0)
00008a e0e0      	LDI  R30,LOW(0)
00008b 15e5      	CP   R30,R5
00008c f410      	BRSH _0x12
                 ; 0000 00B8                 previousValue = PAUSE;
00008d e2e0      	LDI  R30,LOW(32)
00008e c001      	RJMP _0x26
                 ; 0000 00B9             else
                 _0x12:
                 ; 0000 00BA                 previousValue = CLEAR;
                 _0x25:
00008f e4e0      	LDI  R30,LOW(64)
                 _0x26:
000090 2e6e      	MOV  R6,R30
                 ; 0000 00BB         }
                 ; 0000 00BC 
                 ; 0000 00BD         if(var == GO || previousValue == GO)
                 _0xF:
000091 e1e0      	LDI  R30,LOW(16)
000092 15e7      	CP   R30,R7
000093 f011      	BREQ _0x15
000094 15e6      	CP   R30,R6
000095 f4e9      	BRNE _0x14
                 _0x15:
                 ; 0000 00BE         {
                 ; 0000 00BF             previousValue = GO;
000096 e1e0      	LDI  R30,LOW(16)
000097 2e6e      	MOV  R6,R30
                 ; 0000 00C0             if(playCounter < counter)
000098 1445      	CP   R4,R5
000099 f468      	BRSH _0x17
                 ; 0000 00C1             {
                 ; 0000 00C2                 PORTD = getMovement(movements[playCounter]);
00009a 2de4      	MOV  R30,R4
00009b e0f0      	LDI  R31,0
00009c 52e0      	SUBI R30,LOW(-_movements)
00009d 4fff      	SBCI R31,HIGH(-_movements)
00009e 81a0      	LD   R26,Z
00009f df8f      	RCALL _getMovement
0000a0 bbe2      	OUT  0x12,R30
                 ; 0000 00C3                 delay_ms(1000);
0000a1 eea8      	LDI  R26,LOW(1000)
0000a2 e0b3      	LDI  R27,HIGH(1000)
0000a3 d034      	RCALL _delay_ms
                 ; 0000 00C4                 playCounter++;
0000a4 9443      	INC  R4
                 ; 0000 00C5                 nothing = 0;
0000a5 2488      	CLR  R8
                 ; 0000 00C6             }
                 ; 0000 00C7             else if(playCounter == counter)
0000a6 c00b      	RJMP _0x18
                 _0x17:
0000a7 1454      	CP   R5,R4
0000a8 f449      	BRNE _0x19
                 ; 0000 00C8             {
                 ; 0000 00C9                 if(counter > 0)
0000a9 e0e0      	LDI  R30,LOW(0)
0000aa 15e5      	CP   R30,R5
0000ab f420      	BRSH _0x1A
                 ; 0000 00CA                 {
                 ; 0000 00CB                     previousValue = PAUSE;
0000ac e2e0      	LDI  R30,LOW(32)
0000ad 2e6e      	MOV  R6,R30
                 ; 0000 00CC                     playCounter = 0;
0000ae 2444      	CLR  R4
                 ; 0000 00CD                 }
                 ; 0000 00CE                 else
0000af c002      	RJMP _0x1B
                 _0x1A:
                 ; 0000 00CF                     previousValue = CLEAR;
0000b0 e4e0      	LDI  R30,LOW(64)
0000b1 2e6e      	MOV  R6,R30
                 ; 0000 00D0             }
                 _0x1B:
                 ; 0000 00D1 
                 ; 0000 00D2         }
                 _0x19:
                 _0x18:
                 ; 0000 00D3 
                 ; 0000 00D4         else if(previousValue == CLEAR && aux != var && counter < TOTAL)
0000b2 c01c      	RJMP _0x1C
                 _0x14:
0000b3 e4e0      	LDI  R30,LOW(64)
0000b4 15e6      	CP   R30,R6
0000b5 f429      	BRNE _0x1E
0000b6 1479      	CP   R7,R9
0000b7 f019      	BREQ _0x1E
0000b8 e0ea      	LDI  R30,LOW(10)
0000b9 165e      	CP   R5,R30
0000ba f008      	BRLO _0x1F
                 _0x1E:
0000bb c013      	RJMP _0x1D
                 _0x1F:
                 ; 0000 00D5         {
                 ; 0000 00D6             if(var == AHEAD  || var == LEFT || var == RIGHT || var == BEHIND )
0000bc e0e1      	LDI  R30,LOW(1)
0000bd 15e7      	CP   R30,R7
0000be f049      	BREQ _0x21
0000bf e0e4      	LDI  R30,LOW(4)
0000c0 15e7      	CP   R30,R7
0000c1 f031      	BREQ _0x21
0000c2 e0e8      	LDI  R30,LOW(8)
0000c3 15e7      	CP   R30,R7
0000c4 f019      	BREQ _0x21
0000c5 e0e2      	LDI  R30,LOW(2)
0000c6 15e7      	CP   R30,R7
0000c7 f439      	BRNE _0x20
                 _0x21:
                 ; 0000 00D7             {
                 ; 0000 00D8                 movements[counter] = var;
0000c8 2de5      	MOV  R30,R5
0000c9 e0f0      	LDI  R31,0
0000ca 52e0      	SUBI R30,LOW(-_movements)
0000cb 4fff      	SBCI R31,HIGH(-_movements)
0000cc 8270      	ST   Z,R7
                 ; 0000 00D9                 counter++;
0000cd 9453      	INC  R5
                 ; 0000 00DA                 aux = var;
0000ce 2c97      	MOV  R9,R7
                 ; 0000 00DB              }
                 ; 0000 00DC         }
                 _0x20:
                 ; 0000 00DD 
                 ; 0000 00DE         if(nothing)
                 _0x1D:
                 _0x1C:
0000cf 2088      	TST  R8
0000d0 f011      	BREQ _0x23
                 ; 0000 00DF             PORTD = 0;
0000d1 e0e0      	LDI  R30,LOW(0)
0000d2 bbe2      	OUT  0x12,R30
                 ; 0000 00E0 
                 ; 0000 00E1         delay_ms(40);
                 _0x23:
0000d3 e2a8      	LDI  R26,LOW(40)
0000d4 e0b0      	LDI  R27,0
0000d5 d002      	RCALL _delay_ms
                 ; 0000 00E2 
                 ; 0000 00E3 
                 ; 0000 00E4       }
0000d6 cfa2      	RJMP _0xA
                 ; 0000 00E5 }
                 _0x24:
0000d7 cfff      	RJMP _0x24
                 ; .FEND
                 
                 	.DSEG
                 _movements:
0000e0           	.BYTE 0xA
                 
                 	.CSEG
                 ;RUNTIME LIBRARY
                 
                 	.CSEG
                 _delay_ms:
0000d8 9610      	adiw r26,0
0000d9 f039      	breq __delay_ms1
                 __delay_ms0:
0000da 95a8      	wdr
                +
0000db ef8a     +LDI R24 , LOW ( 0xFA )
0000dc e090     +LDI R25 , HIGH ( 0xFA )
                +__DELAY_USW_LOOP :
0000dd 9701     +SBIW R24 , 1
0000de f7f1     +BRNE __DELAY_USW_LOOP
                 	__DELAY_USW 0xFA
0000df 9711      	sbiw r26,1
0000e0 f7c9      	brne __delay_ms0
                 __delay_ms1:
0000e1 9508      	ret
                 
                 ;END OF CODE MARKER
                 __END_OF_CODE:


RESOURCE USE INFORMATION
------------------------

Notice:
The register and instruction counts are symbol table hit counts,
and hence implicitly used resources are not counted, eg, the
'lpm' instruction without operands implicitly uses r0 and z,
none of which are counted.

x,y,z are separate entities in the symbol table and are
counted separately from r26..r31 here.

.dseg memory usage only counts static data declared with .byte

ATmega8535 register use summary:
r0 :   0 r1 :   0 r2 :   0 r3 :   0 r4 :   7 r5 :   9 r6 :   8 r7 :  11 
r8 :   3 r9 :   2 r10:   0 r11:   0 r12:   0 r13:   0 r14:   0 r15:   0 
r16:   0 r17:   4 r18:   0 r19:   0 r20:   0 r21:   0 r22:   0 r23:   0 
r24:   6 r25:   2 r26:  18 r27:   3 r28:   1 r29:   1 r30: 107 r31:  11 
x  :   2 y  :   2 z  :   2 
Registers used: 18 out of 35 (51.4%)

ATmega8535 instruction use summary:
.lds  :   0 .lds.l:   0 .sts  :   0 .sts.l:   0 adc   :   0 add   :   0 
adiw  :   1 and   :   0 andi  :   0 asr   :   0 bclr  :   0 bld   :   0 
brbc  :   0 brbs  :   0 brcc  :   0 brcs  :   0 break :   0 breq  :   8 
brge  :   0 brhc  :   0 brhs  :   0 brid  :   0 brie  :   0 brlo  :   1 
brlt  :   0 brmi  :   0 brne  :  14 brpl  :   0 brsh  :   3 brtc  :   0 
brts  :   0 brvc  :   0 brvs  :   0 bset  :   0 bst   :   0 cbi   :   0 
cbr   :   0 clc   :   0 clh   :   0 cli   :   1 cln   :   0 clr   :   8 
cls   :   0 clt   :   0 clv   :   0 clz   :   0 com   :   0 cp    :  16 
cpc   :   4 cpi   :   4 cpse  :   0 dec   :   1 des   :   0 eor   :   1 
fmul  :   0 fmuls :   0 fmulsu:   0 icall :   0 ijmp  :   0 in    :   1 
inc   :   2 ld    :   2 ldd   :   0 ldi   :  54 lds   :   0 lpm   :   0 
lsl   :   0 lsr   :   0 mov   :  12 movw  :   0 mul   :   0 muls  :   0 
mulsu :   0 neg   :   0 nop   :   0 or    :   0 ori   :   0 out   :  42 
pop   :   0 push  :   0 rcall :   3 ret   :   2 reti  :   0 rjmp  :  33 
rol   :   0 ror   :   0 sbc   :   0 sbci  :   2 sbi   :   0 sbic  :   0 
sbis  :   0 sbiw  :   3 sbr   :   0 sbrc  :   0 sbrs  :   0 sec   :   0 
seh   :   0 sei   :   0 sen   :   0 ser   :   0 ses   :   0 set   :   0 
sev   :   0 sez   :   0 sleep :   0 spm   :   0 st    :   4 std   :   0 
sts   :   0 sub   :   0 subi  :   2 swap  :   0 tst   :   1 wdr   :   1 

Instructions used: 27 out of 114 (23.7%)

ATmega8535 memory use summary [bytes]:
Segment   Begin    End      Code   Data   Used    Size   Use%
---------------------------------------------------------------
[.cseg] 0x000000 0x0001c4    452      0    452    8192   5.5%
[.dseg] 0x000060 0x0000ea      0     10     10     512   2.0%
[.eseg] 0x000000 0x000000      0      0      0     512   0.0%

Assembly complete, 0 errors, 6 warnings
